{"contracts/APICalls.sol":{"l":{"124":4,"128":4,"131":4,"134":4,"137":4,"138":4,"145":1,"152":7,"153":5,"154":3,"155":1,"156":1,"163":3,"164":1,"171":10,"172":8,"179":6,"180":4,"187":4,"188":2,"195":8,"202":2,"209":2,"217":43,"218":43,"221":43,"223":43,"224":43,"225":43,"226":43,"228":43,"231":43,"232":41,"235":39,"237":39,"239":39,"241":37,"243":37,"245":25,"246":25,"249":37,"251":37,"268":28,"269":28,"272":28,"274":28,"275":28,"276":28,"277":28,"279":28,"282":28,"284":26,"286":26,"287":9,"291":17,"292":17,"295":17,"297":17,"306":17,"309":17,"318":7,"319":7,"322":7,"324":7,"325":7,"326":7,"327":7,"329":7,"332":7,"335":5,"336":5,"337":5,"339":5,"340":1,"344":4,"345":4,"348":4,"351":4,"353":4,"362":4,"365":4,"372":8,"373":8,"390":71,"391":71,"392":71,"393":71,"394":71,"395":71,"402":97,"403":97,"410":14,"411":14,"412":14,"419":7,"420":7,"421":5,"422":5,"423":5,"430":76,"431":76,"438":26,"439":26,"446":100,"447":100,"454":21,"456":21,"457":21,"458":18,"459":18,"460":18,"463":21,"470":5,"477":16,"480":14,"482":12,"483":12,"501":12,"504":10,"506":8,"507":8,"509":6,"511":6,"512":6,"520":34,"527":21,"528":21,"531":21,"532":21,"533":21,"534":0,"542":26,"544":26,"545":26,"546":26,"548":1,"550":26,"551":26,"552":26,"553":26,"555":26,"557":26,"558":26,"561":26,"562":8,"565":26,"566":9,"570":17,"573":17,"575":17,"582":5,"584":5,"585":5,"586":5,"588":5,"589":10,"590":10,"591":10,"592":10,"594":9,"596":10,"597":10,"598":10,"599":10,"601":10,"603":10,"604":10,"605":10,"608":10,"609":9,"610":9,"613":10,"615":5,"618":5,"621":5,"646":36,"647":36,"648":36,"651":36,"653":15,"654":15,"657":15,"660":9,"663":9,"668":6,"669":6,"672":6,"676":21,"677":21,"678":21,"681":21,"683":6,"688":15,"692":36,"693":36,"697":8,"698":8,"699":8,"700":8,"701":8},"path":"/Users/pavel/Developer/Deco/smart_contracts/contracts/APICalls.sol","s":{"1":4,"2":4,"3":4,"4":4,"5":4,"6":4,"7":1,"8":7,"9":5,"10":3,"11":1,"12":3,"13":1,"14":10,"15":8,"16":6,"17":4,"18":4,"19":2,"20":8,"21":2,"22":2,"23":43,"24":43,"25":43,"26":43,"27":43,"28":41,"29":39,"30":39,"31":39,"32":37,"33":37,"34":25,"35":37,"36":37,"37":28,"38":28,"39":28,"40":28,"41":28,"42":26,"43":26,"44":9,"45":17,"46":17,"47":17,"48":17,"49":17,"50":7,"51":7,"52":7,"53":7,"54":7,"55":5,"56":5,"57":5,"58":5,"59":1,"60":4,"61":4,"62":4,"63":4,"64":4,"65":4,"66":8,"67":8,"68":71,"69":71,"70":71,"71":71,"72":71,"73":71,"74":97,"75":97,"76":14,"77":14,"78":14,"79":7,"80":7,"81":5,"82":5,"83":76,"84":76,"85":26,"86":26,"87":100,"88":100,"89":21,"90":21,"91":21,"92":18,"93":18,"94":18,"95":21,"96":5,"97":16,"98":14,"99":12,"100":12,"101":12,"102":10,"103":8,"104":8,"105":6,"106":6,"107":6,"108":34,"109":21,"110":21,"111":21,"112":21,"113":21,"114":26,"115":26,"116":26,"117":26,"118":1,"119":26,"120":26,"121":26,"122":26,"123":26,"124":26,"125":26,"126":26,"127":8,"128":26,"129":9,"130":17,"131":17,"132":17,"133":5,"134":5,"135":5,"136":5,"137":5,"138":10,"139":10,"140":10,"141":10,"142":9,"143":10,"144":10,"145":10,"146":10,"147":10,"148":10,"149":10,"150":10,"151":10,"152":9,"153":10,"154":5,"155":5,"156":5,"157":36,"158":36,"159":36,"160":36,"161":15,"162":15,"163":15,"164":9,"165":9,"166":6,"167":6,"168":6,"169":21,"170":21,"171":21,"172":21,"173":6,"174":15,"175":36,"176":36,"177":8,"178":8,"179":8,"180":8},"b":{"1":[5,2],"2":[3,2],"3":[1,2],"4":[1,2],"5":[8,2],"6":[4,2],"7":[2,2],"8":[41,2],"9":[39,2],"10":[39,0],"11":[37,2],"12":[25,12],"13":[26,2],"14":[9,17],"15":[5,2],"16":[1,4],"17":[5,2],"18":[14,2],"19":[12,2],"20":[10,2],"21":[8,2],"22":[6,2],"23":[0,21],"24":[1,25],"25":[8,18],"26":[9,17],"27":[9,1],"28":[9,1],"29":[5,5],"30":[15,21],"31":[9,6],"32":[6,15],"33":[8,0]},"f":{"1":4,"2":1,"3":7,"4":3,"5":10,"6":6,"7":4,"8":8,"9":2,"10":2,"11":43,"12":28,"13":7,"14":8,"15":71,"16":97,"17":14,"18":7,"19":76,"20":26,"21":100,"22":21,"23":5,"24":16,"25":12,"26":34,"27":21,"28":26,"29":5,"30":36,"31":8},"fnMap":{"1":{"name":null,"line":123,"loc":{"start":{"line":123,"column":4},"end":{"line":123,"column":22}}},"2":{"name":"transferAnyERC20Token","line":144,"loc":{"start":{"line":144,"column":4},"end":{"line":144,"column":107}}},"3":{"name":"withdrawEther","line":151,"loc":{"start":{"line":151,"column":4},"end":{"line":151,"column":44}}},"4":{"name":"setWithdrawAddress","line":162,"loc":{"start":{"line":162,"column":4},"end":{"line":162,"column":72}}},"5":{"name":"setUsageReportingAddress","line":170,"loc":{"start":{"line":170,"column":4},"end":{"line":170,"column":84}}},"6":{"name":"setRelayContractAddress","line":178,"loc":{"start":{"line":178,"column":4},"end":{"line":178,"column":82}}},"7":{"name":"setTokenContractAddress","line":186,"loc":{"start":{"line":186,"column":4},"end":{"line":186,"column":82}}},"8":{"name":"setTokenReward","line":194,"loc":{"start":{"line":194,"column":4},"end":{"line":194,"column":61}}},"9":{"name":"setSaleFee","line":201,"loc":{"start":{"line":201,"column":4},"end":{"line":201,"column":53}}},"10":{"name":"setDefaultBuyerLastPaidAt","line":208,"loc":{"start":{"line":208,"column":4},"end":{"line":208,"column":83}}},"11":{"name":"reportUsage","line":215,"loc":{"start":{"line":215,"column":4},"end":{"line":215,"column":78}}},"12":{"name":"paySellerForBuyer","line":266,"loc":{"start":{"line":266,"column":4},"end":{"line":266,"column":69}}},"13":{"name":"paySeller","line":316,"loc":{"start":{"line":316,"column":4},"end":{"line":316,"column":39}}},"14":{"name":"buyerLastPaidAt","line":371,"loc":{"start":{"line":371,"column":4},"end":{"line":371,"column":87}}},"15":{"name":"buyerInfoOf","line":379,"loc":{"start":{"line":379,"column":4},"end":{"line":389,"column":5}}},"16":{"name":"creditsBalanceOf","line":401,"loc":{"start":{"line":401,"column":4},"end":{"line":401,"column":68}}},"17":{"name":"addCredits","line":409,"loc":{"start":{"line":409,"column":4},"end":{"line":409,"column":48}}},"18":{"name":"withdrawCredits","line":418,"loc":{"start":{"line":418,"column":4},"end":{"line":418,"column":46}}},"19":{"name":"nonzeroAddressesElementForApi","line":429,"loc":{"start":{"line":429,"column":4},"end":{"line":429,"column":94}}},"20":{"name":"nonzeroAddressesLengthForApi","line":437,"loc":{"start":{"line":437,"column":4},"end":{"line":437,"column":78}}},"21":{"name":"amountOwedForApiForBuyer","line":445,"loc":{"start":{"line":445,"column":4},"end":{"line":445,"column":96}}},"22":{"name":"totalOwedForApi","line":453,"loc":{"start":{"line":453,"column":4},"end":{"line":453,"column":65}}},"23":{"name":"approvedAmount","line":469,"loc":{"start":{"line":469,"column":4},"end":{"line":469,"column":86}}},"24":{"name":"approveAmount","line":476,"loc":{"start":{"line":476,"column":4},"end":{"line":476,"column":81}}},"25":{"name":"approveAmountAndSetFirstUseTime","line":493,"loc":{"start":{"line":493,"column":4},"end":{"line":500,"column":5}}},"26":{"name":"buyerExceededApprovedAmount","line":519,"loc":{"start":{"line":519,"column":4},"end":{"line":519,"column":99}}},"27":{"name":"rewardTokens","line":526,"loc":{"start":{"line":526,"column":4},"end":{"line":526,"column":62}}},"28":{"name":"processSalesForSingleBuyer","line":541,"loc":{"start":{"line":541,"column":4},"end":{"line":541,"column":94}}},"29":{"name":"processSalesForAllBuyers","line":581,"loc":{"start":{"line":581,"column":4},"end":{"line":581,"column":101}}},"30":{"name":"chargeBuyer","line":634,"loc":{"start":{"line":634,"column":4},"end":{"line":645,"column":5}}},"31":{"name":"removeAddressFromNonzeroBalancesArray","line":696,"loc":{"start":{"line":696,"column":4},"end":{"line":696,"column":86}}}},"statementMap":{"1":{"start":{"line":124,"column":8},"end":{"line":124,"column":18}},"2":{"start":{"line":128,"column":8},"end":{"line":128,"column":33}},"3":{"start":{"line":131,"column":8},"end":{"line":131,"column":19}},"4":{"start":{"line":134,"column":8},"end":{"line":134,"column":38}},"5":{"start":{"line":137,"column":8},"end":{"line":137,"column":35}},"6":{"start":{"line":138,"column":8},"end":{"line":138,"column":41}},"7":{"start":{"line":145,"column":8},"end":{"line":145,"column":58}},"8":{"start":{"line":152,"column":8},"end":{"line":152,"column":45}},"9":{"start":{"line":153,"column":8},"end":{"line":153,"column":38}},"10":{"start":{"line":154,"column":8},"end":{"line":154,"column":44}},"11":{"start":{"line":155,"column":8},"end":{"line":155,"column":58}},"12":{"start":{"line":163,"column":8},"end":{"line":163,"column":46}},"13":{"start":{"line":164,"column":8},"end":{"line":164,"column":41}},"14":{"start":{"line":171,"column":8},"end":{"line":171,"column":52}},"15":{"start":{"line":172,"column":8},"end":{"line":172,"column":53}},"16":{"start":{"line":179,"column":8},"end":{"line":179,"column":51}},"17":{"start":{"line":180,"column":8},"end":{"line":180,"column":51}},"18":{"start":{"line":187,"column":8},"end":{"line":187,"column":51}},"19":{"start":{"line":188,"column":8},"end":{"line":188,"column":51}},"20":{"start":{"line":195,"column":8},"end":{"line":195,"column":33}},"21":{"start":{"line":202,"column":8},"end":{"line":202,"column":25}},"22":{"start":{"line":209,"column":8},"end":{"line":209,"column":55}},"23":{"start":{"line":217,"column":8},"end":{"line":217,"column":48}},"24":{"start":{"line":218,"column":8},"end":{"line":218,"column":70}},"25":{"start":{"line":221,"column":8},"end":{"line":221,"column":64}},"26":{"start":{"line":228,"column":8},"end":{"line":228,"column":108}},"27":{"start":{"line":231,"column":8},"end":{"line":231,"column":43}},"28":{"start":{"line":232,"column":8},"end":{"line":232,"column":82}},"29":{"start":{"line":235,"column":8},"end":{"line":235,"column":53}},"30":{"start":{"line":237,"column":8},"end":{"line":237,"column":51}},"31":{"start":{"line":239,"column":8},"end":{"line":239,"column":30}},"32":{"start":{"line":241,"column":8},"end":{"line":241,"column":50}},"33":{"start":{"line":243,"column":8},"end":{"line":243,"column":9718}},"34":{"start":{"line":245,"column":12},"end":{"line":245,"column":97}},"35":{"start":{"line":249,"column":8},"end":{"line":249,"column":90}},"36":{"start":{"line":251,"column":8},"end":{"line":251,"column":10124}},"37":{"start":{"line":268,"column":8},"end":{"line":268,"column":48}},"38":{"start":{"line":269,"column":8},"end":{"line":269,"column":70}},"39":{"start":{"line":272,"column":8},"end":{"line":272,"column":64}},"40":{"start":{"line":279,"column":8},"end":{"line":279,"column":108}},"41":{"start":{"line":282,"column":8},"end":{"line":282,"column":105}},"42":{"start":{"line":284,"column":8},"end":{"line":284,"column":71}},"43":{"start":{"line":286,"column":8},"end":{"line":286,"column":11456}},"44":{"start":{"line":287,"column":12},"end":{"line":287,"column":18}},"45":{"start":{"line":291,"column":8},"end":{"line":291,"column":49}},"46":{"start":{"line":292,"column":8},"end":{"line":292,"column":39}},"47":{"start":{"line":295,"column":8},"end":{"line":295,"column":32}},"48":{"start":{"line":297,"column":8},"end":{"line":297,"column":11795}},"49":{"start":{"line":306,"column":8},"end":{"line":306,"column":47}},"50":{"start":{"line":318,"column":8},"end":{"line":318,"column":48}},"51":{"start":{"line":319,"column":8},"end":{"line":319,"column":70}},"52":{"start":{"line":322,"column":8},"end":{"line":322,"column":64}},"53":{"start":{"line":329,"column":8},"end":{"line":329,"column":108}},"54":{"start":{"line":332,"column":8},"end":{"line":332,"column":105}},"55":{"start":{"line":335,"column":8},"end":{"line":335,"column":28}},"56":{"start":{"line":336,"column":8},"end":{"line":336,"column":27}},"57":{"start":{"line":337,"column":8},"end":{"line":337,"column":68}},"58":{"start":{"line":339,"column":8},"end":{"line":339,"column":13332}},"59":{"start":{"line":340,"column":12},"end":{"line":340,"column":18}},"60":{"start":{"line":344,"column":8},"end":{"line":344,"column":52}},"61":{"start":{"line":345,"column":8},"end":{"line":345,"column":42}},"62":{"start":{"line":348,"column":8},"end":{"line":348,"column":32}},"63":{"start":{"line":351,"column":8},"end":{"line":351,"column":59}},"64":{"start":{"line":353,"column":8},"end":{"line":353,"column":13876}},"65":{"start":{"line":362,"column":8},"end":{"line":362,"column":52}},"66":{"start":{"line":372,"column":8},"end":{"line":372,"column":50}},"67":{"start":{"line":373,"column":8},"end":{"line":373,"column":55}},"68":{"start":{"line":390,"column":8},"end":{"line":390,"column":45}},"69":{"start":{"line":391,"column":8},"end":{"line":391,"column":38}},"70":{"start":{"line":392,"column":8},"end":{"line":392,"column":60}},"71":{"start":{"line":393,"column":8},"end":{"line":393,"column":30}},"72":{"start":{"line":394,"column":8},"end":{"line":394,"column":54}},"73":{"start":{"line":395,"column":8},"end":{"line":395,"column":86}},"74":{"start":{"line":402,"column":8},"end":{"line":402,"column":45}},"75":{"start":{"line":403,"column":8},"end":{"line":403,"column":28}},"76":{"start":{"line":410,"column":8},"end":{"line":410,"column":43}},"77":{"start":{"line":411,"column":8},"end":{"line":411,"column":51}},"78":{"start":{"line":412,"column":8},"end":{"line":412,"column":45}},"79":{"start":{"line":419,"column":8},"end":{"line":419,"column":51}},"80":{"start":{"line":420,"column":8},"end":{"line":420,"column":39}},"81":{"start":{"line":421,"column":8},"end":{"line":421,"column":48}},"82":{"start":{"line":423,"column":8},"end":{"line":423,"column":51}},"83":{"start":{"line":430,"column":8},"end":{"line":430,"column":50}},"84":{"start":{"line":431,"column":8},"end":{"line":431,"column":49}},"85":{"start":{"line":438,"column":8},"end":{"line":438,"column":50}},"86":{"start":{"line":439,"column":8},"end":{"line":439,"column":49}},"87":{"start":{"line":446,"column":8},"end":{"line":446,"column":50}},"88":{"start":{"line":447,"column":8},"end":{"line":447,"column":47}},"89":{"start":{"line":454,"column":8},"end":{"line":454,"column":50}},"90":{"start":{"line":456,"column":8},"end":{"line":456,"column":25}},"91":{"start":{"line":457,"column":8},"end":{"line":457,"column":18464}},"92":{"start":{"line":458,"column":12},"end":{"line":458,"column":64}},"93":{"start":{"line":459,"column":12},"end":{"line":459,"column":60}},"94":{"start":{"line":460,"column":12},"end":{"line":460,"column":47}},"95":{"start":{"line":463,"column":8},"end":{"line":463,"column":24}},"96":{"start":{"line":470,"column":8},"end":{"line":470,"column":58}},"97":{"start":{"line":477,"column":8},"end":{"line":477,"column":56}},"98":{"start":{"line":480,"column":8},"end":{"line":480,"column":81}},"99":{"start":{"line":482,"column":8},"end":{"line":482,"column":53}},"100":{"start":{"line":483,"column":8},"end":{"line":483,"column":47}},"101":{"start":{"line":501,"column":8},"end":{"line":501,"column":56}},"102":{"start":{"line":504,"column":8},"end":{"line":504,"column":81}},"103":{"start":{"line":506,"column":8},"end":{"line":506,"column":50}},"104":{"start":{"line":507,"column":8},"end":{"line":507,"column":61}},"105":{"start":{"line":509,"column":8},"end":{"line":509,"column":62}},"106":{"start":{"line":511,"column":8},"end":{"line":511,"column":53}},"107":{"start":{"line":512,"column":8},"end":{"line":512,"column":47}},"108":{"start":{"line":520,"column":8},"end":{"line":520,"column":65}},"109":{"start":{"line":527,"column":8},"end":{"line":527,"column":62}},"110":{"start":{"line":528,"column":8},"end":{"line":528,"column":41}},"111":{"start":{"line":531,"column":8},"end":{"line":531,"column":59}},"112":{"start":{"line":532,"column":8},"end":{"line":532,"column":76}},"113":{"start":{"line":533,"column":8},"end":{"line":533,"column":22307}},"114":{"start":{"line":542,"column":8},"end":{"line":542,"column":50}},"115":{"start":{"line":544,"column":8},"end":{"line":544,"column":56}},"116":{"start":{"line":545,"column":8},"end":{"line":545,"column":74}},"117":{"start":{"line":546,"column":8},"end":{"line":546,"column":22984}},"118":{"start":{"line":548,"column":12},"end":{"line":548,"column":61}},"119":{"start":{"line":550,"column":8},"end":{"line":550,"column":69}},"120":{"start":{"line":551,"column":8},"end":{"line":551,"column":36}},"121":{"start":{"line":552,"column":8},"end":{"line":552,"column":25}},"122":{"start":{"line":553,"column":8},"end":{"line":553,"column":31}},"123":{"start":{"line":555,"column":8},"end":{"line":555,"column":108}},"124":{"start":{"line":557,"column":8},"end":{"line":557,"column":46}},"125":{"start":{"line":558,"column":8},"end":{"line":558,"column":54}},"126":{"start":{"line":561,"column":8},"end":{"line":561,"column":23726}},"127":{"start":{"line":562,"column":12},"end":{"line":562,"column":69}},"128":{"start":{"line":565,"column":8},"end":{"line":565,"column":23897}},"129":{"start":{"line":566,"column":12},"end":{"line":566,"column":20}},"130":{"start":{"line":570,"column":8},"end":{"line":570,"column":73}},"131":{"start":{"line":573,"column":8},"end":{"line":573,"column":53}},"132":{"start":{"line":575,"column":8},"end":{"line":575,"column":24}},"133":{"start":{"line":582,"column":8},"end":{"line":582,"column":50}},"134":{"start":{"line":584,"column":8},"end":{"line":584,"column":29}},"135":{"start":{"line":585,"column":8},"end":{"line":585,"column":73}},"136":{"start":{"line":586,"column":8},"end":{"line":586,"column":53}},"137":{"start":{"line":588,"column":8},"end":{"line":588,"column":24758}},"138":{"start":{"line":589,"column":12},"end":{"line":589,"column":56}},"139":{"start":{"line":590,"column":12},"end":{"line":590,"column":60}},"140":{"start":{"line":591,"column":12},"end":{"line":591,"column":78}},"141":{"start":{"line":592,"column":12},"end":{"line":592,"column":25033}},"142":{"start":{"line":594,"column":16},"end":{"line":594,"column":65}},"143":{"start":{"line":596,"column":12},"end":{"line":596,"column":81}},"144":{"start":{"line":597,"column":12},"end":{"line":597,"column":40}},"145":{"start":{"line":598,"column":12},"end":{"line":598,"column":29}},"146":{"start":{"line":599,"column":12},"end":{"line":599,"column":35}},"147":{"start":{"line":601,"column":12},"end":{"line":601,"column":112}},"148":{"start":{"line":603,"column":12},"end":{"line":603,"column":53}},"149":{"start":{"line":604,"column":12},"end":{"line":604,"column":50}},"150":{"start":{"line":605,"column":12},"end":{"line":605,"column":58}},"151":{"start":{"line":608,"column":12},"end":{"line":608,"column":25908}},"152":{"start":{"line":609,"column":16},"end":{"line":609,"column":101}},"153":{"start":{"line":613,"column":12},"end":{"line":613,"column":26188}},"154":{"start":{"line":615,"column":16},"end":{"line":615,"column":81}},"155":{"start":{"line":618,"column":16},"end":{"line":618,"column":61}},"156":{"start":{"line":621,"column":16},"end":{"line":621,"column":31}},"157":{"start":{"line":646,"column":8},"end":{"line":646,"column":53}},"158":{"start":{"line":647,"column":8},"end":{"line":647,"column":66}},"159":{"start":{"line":648,"column":8},"end":{"line":648,"column":102}},"160":{"start":{"line":651,"column":8},"end":{"line":651,"column":27689}},"161":{"start":{"line":653,"column":12},"end":{"line":653,"column":30}},"162":{"start":{"line":654,"column":12},"end":{"line":654,"column":36}},"163":{"start":{"line":657,"column":12},"end":{"line":657,"column":27922}},"164":{"start":{"line":660,"column":16},"end":{"line":660,"column":58}},"165":{"start":{"line":663,"column":16},"end":{"line":663,"column":31}},"166":{"start":{"line":668,"column":16},"end":{"line":668,"column":57}},"167":{"start":{"line":669,"column":16},"end":{"line":669,"column":61}},"168":{"start":{"line":672,"column":16},"end":{"line":672,"column":51}},"169":{"start":{"line":676,"column":12},"end":{"line":676,"column":29}},"170":{"start":{"line":677,"column":12},"end":{"line":677,"column":35}},"171":{"start":{"line":678,"column":12},"end":{"line":678,"column":44}},"172":{"start":{"line":681,"column":12},"end":{"line":681,"column":28881}},"173":{"start":{"line":683,"column":16},"end":{"line":683,"column":51}},"174":{"start":{"line":688,"column":16},"end":{"line":688,"column":35}},"175":{"start":{"line":692,"column":8},"end":{"line":692,"column":46}},"176":{"start":{"line":693,"column":8},"end":{"line":693,"column":70}},"177":{"start":{"line":697,"column":8},"end":{"line":697,"column":50}},"178":{"start":{"line":698,"column":8},"end":{"line":698,"column":68}},"179":{"start":{"line":699,"column":8},"end":{"line":699,"column":29660}},"180":{"start":{"line":700,"column":12},"end":{"line":700,"column":118}}},"branchMap":{"1":{"line":152,"type":"if","locations":[{"start":{"line":152,"column":8},"end":{"line":152,"column":8}},{"start":{"line":152,"column":8},"end":{"line":152,"column":8}}]},"2":{"line":153,"type":"if","locations":[{"start":{"line":153,"column":8},"end":{"line":153,"column":8}},{"start":{"line":153,"column":8},"end":{"line":153,"column":8}}]},"3":{"line":154,"type":"if","locations":[{"start":{"line":154,"column":8},"end":{"line":154,"column":8}},{"start":{"line":154,"column":8},"end":{"line":154,"column":8}}]},"4":{"line":163,"type":"if","locations":[{"start":{"line":163,"column":8},"end":{"line":163,"column":8}},{"start":{"line":163,"column":8},"end":{"line":163,"column":8}}]},"5":{"line":171,"type":"if","locations":[{"start":{"line":171,"column":8},"end":{"line":171,"column":8}},{"start":{"line":171,"column":8},"end":{"line":171,"column":8}}]},"6":{"line":179,"type":"if","locations":[{"start":{"line":179,"column":8},"end":{"line":179,"column":8}},{"start":{"line":179,"column":8},"end":{"line":179,"column":8}}]},"7":{"line":187,"type":"if","locations":[{"start":{"line":187,"column":8},"end":{"line":187,"column":8}},{"start":{"line":187,"column":8},"end":{"line":187,"column":8}}]},"8":{"line":231,"type":"if","locations":[{"start":{"line":231,"column":8},"end":{"line":231,"column":8}},{"start":{"line":231,"column":8},"end":{"line":231,"column":8}}]},"9":{"line":232,"type":"if","locations":[{"start":{"line":232,"column":8},"end":{"line":232,"column":8}},{"start":{"line":232,"column":8},"end":{"line":232,"column":8}}]},"10":{"line":235,"type":"if","locations":[{"start":{"line":235,"column":8},"end":{"line":235,"column":8}},{"start":{"line":235,"column":8},"end":{"line":235,"column":8}}]},"11":{"line":239,"type":"if","locations":[{"start":{"line":239,"column":8},"end":{"line":239,"column":8}},{"start":{"line":239,"column":8},"end":{"line":239,"column":8}}]},"12":{"line":243,"type":"if","locations":[{"start":{"line":243,"column":8},"end":{"line":243,"column":8}},{"start":{"line":243,"column":8},"end":{"line":243,"column":8}}]},"13":{"line":282,"type":"if","locations":[{"start":{"line":282,"column":8},"end":{"line":282,"column":8}},{"start":{"line":282,"column":8},"end":{"line":282,"column":8}}]},"14":{"line":286,"type":"if","locations":[{"start":{"line":286,"column":8},"end":{"line":286,"column":8}},{"start":{"line":286,"column":8},"end":{"line":286,"column":8}}]},"15":{"line":332,"type":"if","locations":[{"start":{"line":332,"column":8},"end":{"line":332,"column":8}},{"start":{"line":332,"column":8},"end":{"line":332,"column":8}}]},"16":{"line":339,"type":"if","locations":[{"start":{"line":339,"column":8},"end":{"line":339,"column":8}},{"start":{"line":339,"column":8},"end":{"line":339,"column":8}}]},"17":{"line":420,"type":"if","locations":[{"start":{"line":420,"column":8},"end":{"line":420,"column":8}},{"start":{"line":420,"column":8},"end":{"line":420,"column":8}}]},"18":{"line":477,"type":"if","locations":[{"start":{"line":477,"column":8},"end":{"line":477,"column":8}},{"start":{"line":477,"column":8},"end":{"line":477,"column":8}}]},"19":{"line":480,"type":"if","locations":[{"start":{"line":480,"column":8},"end":{"line":480,"column":8}},{"start":{"line":480,"column":8},"end":{"line":480,"column":8}}]},"20":{"line":501,"type":"if","locations":[{"start":{"line":501,"column":8},"end":{"line":501,"column":8}},{"start":{"line":501,"column":8},"end":{"line":501,"column":8}}]},"21":{"line":504,"type":"if","locations":[{"start":{"line":504,"column":8},"end":{"line":504,"column":8}},{"start":{"line":504,"column":8},"end":{"line":504,"column":8}}]},"22":{"line":507,"type":"if","locations":[{"start":{"line":507,"column":8},"end":{"line":507,"column":8}},{"start":{"line":507,"column":8},"end":{"line":507,"column":8}}]},"23":{"line":533,"type":"if","locations":[{"start":{"line":533,"column":8},"end":{"line":533,"column":8}},{"start":{"line":533,"column":8},"end":{"line":533,"column":8}}]},"24":{"line":546,"type":"if","locations":[{"start":{"line":546,"column":8},"end":{"line":546,"column":8}},{"start":{"line":546,"column":8},"end":{"line":546,"column":8}}]},"25":{"line":561,"type":"if","locations":[{"start":{"line":561,"column":8},"end":{"line":561,"column":8}},{"start":{"line":561,"column":8},"end":{"line":561,"column":8}}]},"26":{"line":565,"type":"if","locations":[{"start":{"line":565,"column":8},"end":{"line":565,"column":8}},{"start":{"line":565,"column":8},"end":{"line":565,"column":8}}]},"27":{"line":592,"type":"if","locations":[{"start":{"line":592,"column":12},"end":{"line":592,"column":12}},{"start":{"line":592,"column":12},"end":{"line":592,"column":12}}]},"28":{"line":608,"type":"if","locations":[{"start":{"line":608,"column":12},"end":{"line":608,"column":12}},{"start":{"line":608,"column":12},"end":{"line":608,"column":12}}]},"29":{"line":613,"type":"if","locations":[{"start":{"line":613,"column":12},"end":{"line":613,"column":12}},{"start":{"line":613,"column":12},"end":{"line":613,"column":12}}]},"30":{"line":651,"type":"if","locations":[{"start":{"line":651,"column":8},"end":{"line":651,"column":8}},{"start":{"line":651,"column":8},"end":{"line":651,"column":8}}]},"31":{"line":657,"type":"if","locations":[{"start":{"line":657,"column":12},"end":{"line":657,"column":12}},{"start":{"line":657,"column":12},"end":{"line":657,"column":12}}]},"32":{"line":681,"type":"if","locations":[{"start":{"line":681,"column":12},"end":{"line":681,"column":12}},{"start":{"line":681,"column":12},"end":{"line":681,"column":12}}]},"33":{"line":699,"type":"if","locations":[{"start":{"line":699,"column":8},"end":{"line":699,"column":8}},{"start":{"line":699,"column":8},"end":{"line":699,"column":8}}]}}},"contracts/APIRegistry.sol":{"l":{"28":3,"29":3,"36":1,"44":15,"47":13,"49":11,"50":11,"52":11,"54":11,"55":11,"56":11,"57":11,"58":11,"59":11,"66":12,"84":80,"86":80,"87":80,"88":80,"89":80,"109":4,"111":4,"112":4,"113":4,"114":4,"115":4,"116":4,"136":3,"137":3,"138":1,"140":2,"142":2,"143":2,"144":2,"145":2,"146":2,"147":2,"154":10,"156":8,"159":8,"165":6,"167":4,"168":4,"169":4},"path":"/Users/pavel/Developer/Deco/smart_contracts/contracts/APIRegistry.sol","s":{"1":3,"2":3,"3":1,"4":15,"5":13,"6":11,"7":11,"8":11,"9":11,"10":11,"11":11,"12":11,"13":11,"14":11,"15":12,"16":80,"17":80,"18":80,"19":80,"20":80,"21":4,"22":4,"23":4,"24":4,"25":4,"26":4,"27":4,"28":3,"29":3,"30":1,"31":2,"32":2,"33":2,"34":2,"35":2,"36":2,"37":2,"38":10,"39":8,"40":8,"41":6,"42":4,"43":4,"44":4},"b":{"1":[13,2],"2":[11,2],"3":[1,2],"4":[8,2],"5":[6,2],"6":[4,2]},"f":{"1":3,"2":1,"3":15,"4":12,"5":80,"6":4,"7":3,"8":10},"fnMap":{"1":{"name":null,"line":27,"loc":{"start":{"line":27,"column":4},"end":{"line":27,"column":22}}},"2":{"name":"transferAnyERC20Token","line":35,"loc":{"start":{"line":35,"column":4},"end":{"line":35,"column":107}}},"3":{"name":"listApi","line":42,"loc":{"start":{"line":42,"column":4},"end":{"line":42,"column":118}}},"4":{"name":"getApiId","line":65,"loc":{"start":{"line":65,"column":4},"end":{"line":65,"column":63}}},"5":{"name":"getApiByIdWithoutDynamics","line":72,"loc":{"start":{"line":72,"column":4},"end":{"line":83,"column":5}}},"6":{"name":"getApiById","line":95,"loc":{"start":{"line":95,"column":4},"end":{"line":108,"column":5}}},"7":{"name":"getApiByName","line":122,"loc":{"start":{"line":122,"column":4},"end":{"line":135,"column":5}}},"8":{"name":"editApi","line":153,"loc":{"start":{"line":153,"column":4},"end":{"line":153,"column":95}}}},"statementMap":{"1":{"start":{"line":28,"column":8},"end":{"line":28,"column":18}},"2":{"start":{"line":29,"column":8},"end":{"line":29,"column":18}},"3":{"start":{"line":36,"column":8},"end":{"line":36,"column":58}},"4":{"start":{"line":44,"column":8},"end":{"line":44,"column":105}},"5":{"start":{"line":47,"column":8},"end":{"line":47,"column":37}},"6":{"start":{"line":49,"column":8},"end":{"line":49,"column":19}},"7":{"start":{"line":50,"column":8},"end":{"line":50,"column":33}},"8":{"start":{"line":52,"column":8},"end":{"line":52,"column":45}},"9":{"start":{"line":54,"column":8},"end":{"line":54,"column":38}},"10":{"start":{"line":55,"column":8},"end":{"line":55,"column":42}},"11":{"start":{"line":56,"column":8},"end":{"line":56,"column":28}},"12":{"start":{"line":57,"column":8},"end":{"line":57,"column":37}},"13":{"start":{"line":58,"column":8},"end":{"line":58,"column":30}},"14":{"start":{"line":59,"column":8},"end":{"line":59,"column":28}},"15":{"start":{"line":66,"column":8},"end":{"line":66,"column":31}},"16":{"start":{"line":84,"column":8},"end":{"line":84,"column":43}},"17":{"start":{"line":86,"column":8},"end":{"line":86,"column":38}},"18":{"start":{"line":87,"column":8},"end":{"line":87,"column":42}},"19":{"start":{"line":88,"column":8},"end":{"line":88,"column":28}},"20":{"start":{"line":89,"column":8},"end":{"line":89,"column":40}},"21":{"start":{"line":109,"column":8},"end":{"line":109,"column":43}},"22":{"start":{"line":111,"column":8},"end":{"line":111,"column":38}},"23":{"start":{"line":112,"column":8},"end":{"line":112,"column":42}},"24":{"start":{"line":113,"column":8},"end":{"line":113,"column":28}},"25":{"start":{"line":114,"column":8},"end":{"line":114,"column":40}},"26":{"start":{"line":115,"column":8},"end":{"line":115,"column":30}},"27":{"start":{"line":116,"column":8},"end":{"line":116,"column":28}},"28":{"start":{"line":136,"column":8},"end":{"line":136,"column":37}},"29":{"start":{"line":137,"column":8},"end":{"line":137,"column":4621}},"30":{"start":{"line":138,"column":12},"end":{"line":138,"column":18}},"31":{"start":{"line":140,"column":8},"end":{"line":140,"column":43}},"32":{"start":{"line":142,"column":8},"end":{"line":142,"column":38}},"33":{"start":{"line":143,"column":8},"end":{"line":143,"column":42}},"34":{"start":{"line":144,"column":8},"end":{"line":144,"column":28}},"35":{"start":{"line":145,"column":8},"end":{"line":145,"column":40}},"36":{"start":{"line":146,"column":8},"end":{"line":146,"column":30}},"37":{"start":{"line":147,"column":8},"end":{"line":147,"column":28}},"38":{"start":{"line":154,"column":8},"end":{"line":154,"column":78}},"39":{"start":{"line":156,"column":8},"end":{"line":156,"column":43}},"40":{"start":{"line":159,"column":8},"end":{"line":159,"column":5440}},"41":{"start":{"line":165,"column":8},"end":{"line":165,"column":70}},"42":{"start":{"line":167,"column":8},"end":{"line":167,"column":38}},"43":{"start":{"line":168,"column":8},"end":{"line":168,"column":40}},"44":{"start":{"line":169,"column":8},"end":{"line":169,"column":28}}},"branchMap":{"1":{"line":44,"type":"if","locations":[{"start":{"line":44,"column":8},"end":{"line":44,"column":8}},{"start":{"line":44,"column":8},"end":{"line":44,"column":8}}]},"2":{"line":47,"type":"if","locations":[{"start":{"line":47,"column":8},"end":{"line":47,"column":8}},{"start":{"line":47,"column":8},"end":{"line":47,"column":8}}]},"3":{"line":137,"type":"if","locations":[{"start":{"line":137,"column":8},"end":{"line":137,"column":8}},{"start":{"line":137,"column":8},"end":{"line":137,"column":8}}]},"4":{"line":154,"type":"if","locations":[{"start":{"line":154,"column":8},"end":{"line":154,"column":8}},{"start":{"line":154,"column":8},"end":{"line":154,"column":8}}]},"5":{"line":159,"type":"if","locations":[{"start":{"line":159,"column":8},"end":{"line":159,"column":8}},{"start":{"line":159,"column":8},"end":{"line":159,"column":8}}]},"6":{"line":165,"type":"if","locations":[{"start":{"line":165,"column":8},"end":{"line":165,"column":8}},{"start":{"line":165,"column":8},"end":{"line":165,"column":8}}]}}},"contracts/Crowdsale.sol":{"l":{"46":23,"49":23,"53":24,"58":25,"59":25,"60":25,"61":23,"62":20,"67":17,"68":4,"69":4,"71":12,"72":12,"78":12,"79":12,"80":4,"86":12,"90":11,"91":9,"98":5,"105":8,"106":2,"113":10,"114":8,"118":7,"119":5,"126":13,"127":11,"134":9,"138":24,"139":22,"140":20,"146":18,"149":14,"152":14,"155":14,"158":14,"161":14,"164":14,"166":10,"170":29,"171":17},"path":"/Users/pavel/Developer/Deco/smart_contracts/contracts/Crowdsale.sol","s":{"1":23,"2":23,"3":24,"4":25,"5":23,"6":20,"7":17,"8":4,"9":4,"10":13,"11":12,"12":12,"13":12,"14":12,"15":4,"16":12,"17":11,"18":9,"19":5,"20":8,"21":10,"22":8,"23":7,"24":5,"25":13,"26":11,"27":9,"28":24,"29":22,"30":20,"31":18,"32":14,"33":14,"34":14,"35":14,"36":14,"37":10,"38":29},"b":{"1":[20,3],"2":[4,13],"3":[12,1],"4":[4,8],"5":[9,2],"6":[2,6],"7":[8,2],"8":[5,2],"9":[11,2],"10":[22,2],"11":[20,2],"12":[18,2],"13":[17,12]},"f":{"1":23,"2":24,"3":25,"4":17,"5":12,"6":12,"7":11,"8":5,"9":8,"10":10,"11":7,"12":13,"13":9,"14":24,"15":29},"fnMap":{"1":{"name":null,"line":45,"loc":{"start":{"line":45,"column":4},"end":{"line":45,"column":22}}},"2":{"name":null,"line":52,"loc":{"start":{"line":52,"column":4},"end":{"line":52,"column":28}}},"3":{"name":"getEthPrice","line":57,"loc":{"start":{"line":57,"column":4},"end":{"line":57,"column":54}}},"4":{"name":"updateWhitelist","line":66,"loc":{"start":{"line":66,"column":4},"end":{"line":66,"column":73}}},"5":{"name":"setCrowdsaleClosed","line":77,"loc":{"start":{"line":77,"column":4},"end":{"line":77,"column":62}}},"6":{"name":"setTokensPerDollar","line":85,"loc":{"start":{"line":85,"column":4},"end":{"line":85,"column":65}}},"7":{"name":"setPriceFeedContractAddress","line":89,"loc":{"start":{"line":89,"column":4},"end":{"line":89,"column":82}}},"8":{"name":"transferAnyERC20Token","line":97,"loc":{"start":{"line":97,"column":4},"end":{"line":97,"column":107}}},"9":{"name":"withdrawEther","line":104,"loc":{"start":{"line":104,"column":4},"end":{"line":104,"column":33}}},"10":{"name":"setWithdrawAddress","line":112,"loc":{"start":{"line":112,"column":4},"end":{"line":112,"column":72}}},"11":{"name":"setOpsAdminAddress","line":117,"loc":{"start":{"line":117,"column":4},"end":{"line":117,"column":72}}},"12":{"name":"setTokenContractAddress","line":125,"loc":{"start":{"line":125,"column":4},"end":{"line":125,"column":82}}},"13":{"name":"setEthMinContributionAmount","line":133,"loc":{"start":{"line":133,"column":4},"end":{"line":133,"column":69}}},"14":{"name":"deposit","line":137,"loc":{"start":{"line":137,"column":4},"end":{"line":137,"column":29}}},"15":{"name":"onlyOps","line":169,"loc":{"start":{"line":169,"column":4},"end":{"line":169,"column":20}}}},"statementMap":{"1":{"start":{"line":46,"column":8},"end":{"line":46,"column":18}},"2":{"start":{"line":49,"column":8},"end":{"line":49,"column":35}},"3":{"start":{"line":53,"column":8},"end":{"line":53,"column":16}},"4":{"start":{"line":60,"column":8},"end":{"line":60,"column":53}},"5":{"start":{"line":61,"column":8},"end":{"line":61,"column":59}},"6":{"start":{"line":62,"column":8},"end":{"line":62,"column":29}},"7":{"start":{"line":67,"column":8},"end":{"line":67,"column":2176}},"8":{"start":{"line":68,"column":12},"end":{"line":68,"column":49}},"9":{"start":{"line":69,"column":12},"end":{"line":69,"column":51}},"10":{"start":{"line":70,"column":15},"end":{"line":70,"column":2315}},"11":{"start":{"line":71,"column":12},"end":{"line":71,"column":48}},"12":{"start":{"line":72,"column":12},"end":{"line":72,"column":51}},"13":{"start":{"line":78,"column":8},"end":{"line":78,"column":34}},"14":{"start":{"line":79,"column":8},"end":{"line":79,"column":2602}},"15":{"start":{"line":80,"column":12},"end":{"line":80,"column":48}},"16":{"start":{"line":86,"column":8},"end":{"line":86,"column":34}},"17":{"start":{"line":90,"column":8},"end":{"line":90,"column":96}},"18":{"start":{"line":91,"column":8},"end":{"line":91,"column":56}},"19":{"start":{"line":98,"column":8},"end":{"line":98,"column":58}},"20":{"start":{"line":105,"column":8},"end":{"line":105,"column":82}},"21":{"start":{"line":113,"column":8},"end":{"line":113,"column":84}},"22":{"start":{"line":114,"column":8},"end":{"line":114,"column":41}},"23":{"start":{"line":118,"column":8},"end":{"line":118,"column":85}},"24":{"start":{"line":119,"column":8},"end":{"line":119,"column":34}},"25":{"start":{"line":126,"column":8},"end":{"line":126,"column":95}},"26":{"start":{"line":127,"column":8},"end":{"line":127,"column":58}},"27":{"start":{"line":134,"column":8},"end":{"line":134,"column":41}},"28":{"start":{"line":138,"column":8},"end":{"line":138,"column":59}},"29":{"start":{"line":139,"column":8},"end":{"line":139,"column":91}},"30":{"start":{"line":140,"column":8},"end":{"line":140,"column":5518}},"31":{"start":{"line":146,"column":8},"end":{"line":146,"column":39}},"32":{"start":{"line":149,"column":8},"end":{"line":149,"column":52}},"33":{"start":{"line":152,"column":8},"end":{"line":152,"column":62}},"34":{"start":{"line":155,"column":8},"end":{"line":155,"column":82}},"35":{"start":{"line":158,"column":8},"end":{"line":158,"column":44}},"36":{"start":{"line":161,"column":8},"end":{"line":161,"column":44}},"37":{"start":{"line":166,"column":8},"end":{"line":166,"column":72}},"38":{"start":{"line":170,"column":8},"end":{"line":170,"column":101}}},"branchMap":{"1":{"line":61,"type":"if","locations":[{"start":{"line":61,"column":8},"end":{"line":61,"column":8}},{"start":{"line":61,"column":8},"end":{"line":61,"column":8}}]},"2":{"line":67,"type":"if","locations":[{"start":{"line":67,"column":8},"end":{"line":67,"column":8}},{"start":{"line":67,"column":8},"end":{"line":67,"column":8}}]},"3":{"line":70,"type":"if","locations":[{"start":{"line":70,"column":15},"end":{"line":70,"column":15}},{"start":{"line":70,"column":15},"end":{"line":70,"column":15}}]},"4":{"line":79,"type":"if","locations":[{"start":{"line":79,"column":8},"end":{"line":79,"column":8}},{"start":{"line":79,"column":8},"end":{"line":79,"column":8}}]},"5":{"line":90,"type":"if","locations":[{"start":{"line":90,"column":8},"end":{"line":90,"column":8}},{"start":{"line":90,"column":8},"end":{"line":90,"column":8}}]},"6":{"line":105,"type":"if","locations":[{"start":{"line":105,"column":8},"end":{"line":105,"column":8}},{"start":{"line":105,"column":8},"end":{"line":105,"column":8}}]},"7":{"line":113,"type":"if","locations":[{"start":{"line":113,"column":8},"end":{"line":113,"column":8}},{"start":{"line":113,"column":8},"end":{"line":113,"column":8}}]},"8":{"line":118,"type":"if","locations":[{"start":{"line":118,"column":8},"end":{"line":118,"column":8}},{"start":{"line":118,"column":8},"end":{"line":118,"column":8}}]},"9":{"line":126,"type":"if","locations":[{"start":{"line":126,"column":8},"end":{"line":126,"column":8}},{"start":{"line":126,"column":8},"end":{"line":126,"column":8}}]},"10":{"line":138,"type":"if","locations":[{"start":{"line":138,"column":8},"end":{"line":138,"column":8}},{"start":{"line":138,"column":8},"end":{"line":138,"column":8}}]},"11":{"line":139,"type":"if","locations":[{"start":{"line":139,"column":8},"end":{"line":139,"column":8}},{"start":{"line":139,"column":8},"end":{"line":139,"column":8}}]},"12":{"line":140,"type":"if","locations":[{"start":{"line":140,"column":8},"end":{"line":140,"column":8}},{"start":{"line":140,"column":8},"end":{"line":140,"column":8}}]},"13":{"line":170,"type":"if","locations":[{"start":{"line":170,"column":8},"end":{"line":170,"column":8}},{"start":{"line":170,"column":8},"end":{"line":170,"column":8}}]}}},"contracts/DeconetToken.sol":{"l":{"27":11,"30":11,"31":11,"34":11,"41":1,"49":52,"50":44,"57":39,"64":1,"71":2,"78":1,"85":1},"path":"/Users/pavel/Developer/Deco/smart_contracts/contracts/DeconetToken.sol","s":{"1":11,"2":11,"3":11,"4":11,"5":1,"6":52,"7":39,"8":1,"9":2,"10":1,"11":1},"b":{"1":[44,8]},"f":{"1":11,"2":1,"3":52,"4":39,"5":1,"6":2,"7":1,"8":1},"fnMap":{"1":{"name":null,"line":25,"loc":{"start":{"line":25,"column":4},"end":{"line":25,"column":22}}},"2":{"name":"transferAnyERC20Token","line":40,"loc":{"start":{"line":40,"column":4},"end":{"line":40,"column":107}}},"3":{"name":"whenOwnerOrNotPaused","line":48,"loc":{"start":{"line":48,"column":4},"end":{"line":48,"column":33}}},"4":{"name":"transfer","line":56,"loc":{"start":{"line":56,"column":4},"end":{"line":56,"column":91}}},"5":{"name":"transferFrom","line":63,"loc":{"start":{"line":63,"column":4},"end":{"line":63,"column":110}}},"6":{"name":"approve","line":70,"loc":{"start":{"line":70,"column":4},"end":{"line":70,"column":95}}},"7":{"name":"increaseApproval","line":77,"loc":{"start":{"line":77,"column":4},"end":{"line":77,"column":114}}},"8":{"name":"decreaseApproval","line":84,"loc":{"start":{"line":84,"column":4},"end":{"line":84,"column":119}}}},"statementMap":{"1":{"start":{"line":27,"column":8},"end":{"line":27,"column":53}},"2":{"start":{"line":30,"column":8},"end":{"line":30,"column":42}},"3":{"start":{"line":31,"column":8},"end":{"line":31,"column":53}},"4":{"start":{"line":34,"column":8},"end":{"line":34,"column":20}},"5":{"start":{"line":41,"column":8},"end":{"line":41,"column":58}},"6":{"start":{"line":49,"column":8},"end":{"line":49,"column":46}},"7":{"start":{"line":57,"column":8},"end":{"line":57,"column":42}},"8":{"start":{"line":64,"column":8},"end":{"line":64,"column":53}},"9":{"start":{"line":71,"column":8},"end":{"line":71,"column":46}},"10":{"start":{"line":78,"column":8},"end":{"line":78,"column":60}},"11":{"start":{"line":85,"column":8},"end":{"line":85,"column":65}}},"branchMap":{"1":{"line":49,"type":"if","locations":[{"start":{"line":49,"column":8},"end":{"line":49,"column":8}},{"start":{"line":49,"column":8},"end":{"line":49,"column":8}}]}}},"contracts/LicenseSales.sol":{"l":{"50":2,"54":2,"57":2,"60":2,"67":1,"74":3,"75":1,"82":3,"83":1,"90":5,"91":3,"98":3,"99":1,"106":1,"113":2,"120":7,"123":5,"124":5,"127":5,"129":5,"130":5,"131":5,"132":5,"133":5,"135":5,"138":5,"141":3,"144":1,"145":1,"148":1,"161":1,"164":1,"171":1,"172":1,"175":1,"176":1,"177":1,"178":0},"path":"/Users/pavel/Developer/Deco/smart_contracts/contracts/LicenseSales.sol","s":{"1":2,"2":2,"3":2,"4":2,"5":1,"6":3,"7":3,"8":1,"9":5,"10":3,"11":3,"12":1,"13":1,"14":2,"15":7,"16":5,"17":5,"18":5,"19":5,"20":5,"21":3,"22":1,"23":1,"24":1,"25":1,"26":1,"27":1,"28":1,"29":1,"30":1},"b":{"1":[1,2],"2":[1,2],"3":[3,2],"4":[1,2],"5":[5,2],"6":[3,2],"7":[1,2],"8":[0,1]},"f":{"1":2,"2":1,"3":3,"4":3,"5":5,"6":3,"7":1,"8":2,"9":7,"10":1},"fnMap":{"1":{"name":null,"line":49,"loc":{"start":{"line":49,"column":4},"end":{"line":49,"column":22}}},"2":{"name":"transferAnyERC20Token","line":66,"loc":{"start":{"line":66,"column":4},"end":{"line":66,"column":107}}},"3":{"name":"withdrawEther","line":73,"loc":{"start":{"line":73,"column":4},"end":{"line":73,"column":33}}},"4":{"name":"setWithdrawAddress","line":81,"loc":{"start":{"line":81,"column":4},"end":{"line":81,"column":72}}},"5":{"name":"setRelayContractAddress","line":89,"loc":{"start":{"line":89,"column":4},"end":{"line":89,"column":82}}},"6":{"name":"setTokenContractAddress","line":97,"loc":{"start":{"line":97,"column":4},"end":{"line":97,"column":82}}},"7":{"name":"setTokenReward","line":105,"loc":{"start":{"line":105,"column":4},"end":{"line":105,"column":61}}},"8":{"name":"setSaleFee","line":112,"loc":{"start":{"line":112,"column":4},"end":{"line":112,"column":53}}},"9":{"name":"makeSale","line":119,"loc":{"start":{"line":119,"column":4},"end":{"line":119,"column":49}}},"10":{"name":"rewardTokens","line":170,"loc":{"start":{"line":170,"column":4},"end":{"line":170,"column":49}}}},"statementMap":{"1":{"start":{"line":50,"column":8},"end":{"line":50,"column":18}},"2":{"start":{"line":54,"column":8},"end":{"line":54,"column":33}},"3":{"start":{"line":57,"column":8},"end":{"line":57,"column":19}},"4":{"start":{"line":60,"column":8},"end":{"line":60,"column":35}},"5":{"start":{"line":67,"column":8},"end":{"line":67,"column":58}},"6":{"start":{"line":74,"column":8},"end":{"line":74,"column":45}},"7":{"start":{"line":82,"column":8},"end":{"line":82,"column":46}},"8":{"start":{"line":83,"column":8},"end":{"line":83,"column":41}},"9":{"start":{"line":90,"column":8},"end":{"line":90,"column":51}},"10":{"start":{"line":91,"column":8},"end":{"line":91,"column":51}},"11":{"start":{"line":98,"column":8},"end":{"line":98,"column":51}},"12":{"start":{"line":99,"column":8},"end":{"line":99,"column":51}},"13":{"start":{"line":106,"column":8},"end":{"line":106,"column":33}},"14":{"start":{"line":113,"column":8},"end":{"line":113,"column":25}},"15":{"start":{"line":120,"column":8},"end":{"line":120,"column":29}},"16":{"start":{"line":123,"column":8},"end":{"line":123,"column":48}},"17":{"start":{"line":124,"column":8},"end":{"line":124,"column":64}},"18":{"start":{"line":127,"column":8},"end":{"line":127,"column":52}},"19":{"start":{"line":135,"column":8},"end":{"line":135,"column":103}},"20":{"start":{"line":138,"column":8},"end":{"line":138,"column":34}},"21":{"start":{"line":141,"column":8},"end":{"line":141,"column":106}},"22":{"start":{"line":144,"column":8},"end":{"line":144,"column":49}},"23":{"start":{"line":145,"column":8},"end":{"line":145,"column":39}},"24":{"start":{"line":148,"column":8},"end":{"line":148,"column":5772}},"25":{"start":{"line":161,"column":8},"end":{"line":161,"column":34}},"26":{"start":{"line":171,"column":8},"end":{"line":171,"column":62}},"27":{"start":{"line":172,"column":8},"end":{"line":172,"column":41}},"28":{"start":{"line":175,"column":8},"end":{"line":175,"column":59}},"29":{"start":{"line":176,"column":8},"end":{"line":176,"column":76}},"30":{"start":{"line":177,"column":8},"end":{"line":177,"column":6765}}},"branchMap":{"1":{"line":74,"type":"if","locations":[{"start":{"line":74,"column":8},"end":{"line":74,"column":8}},{"start":{"line":74,"column":8},"end":{"line":74,"column":8}}]},"2":{"line":82,"type":"if","locations":[{"start":{"line":82,"column":8},"end":{"line":82,"column":8}},{"start":{"line":82,"column":8},"end":{"line":82,"column":8}}]},"3":{"line":90,"type":"if","locations":[{"start":{"line":90,"column":8},"end":{"line":90,"column":8}},{"start":{"line":90,"column":8},"end":{"line":90,"column":8}}]},"4":{"line":98,"type":"if","locations":[{"start":{"line":98,"column":8},"end":{"line":98,"column":8}},{"start":{"line":98,"column":8},"end":{"line":98,"column":8}}]},"5":{"line":120,"type":"if","locations":[{"start":{"line":120,"column":8},"end":{"line":120,"column":8}},{"start":{"line":120,"column":8},"end":{"line":120,"column":8}}]},"6":{"line":138,"type":"if","locations":[{"start":{"line":138,"column":8},"end":{"line":138,"column":8}},{"start":{"line":138,"column":8},"end":{"line":138,"column":8}}]},"7":{"line":141,"type":"if","locations":[{"start":{"line":141,"column":8},"end":{"line":141,"column":8}},{"start":{"line":141,"column":8},"end":{"line":141,"column":8}}]},"8":{"line":177,"type":"if","locations":[{"start":{"line":177,"column":8},"end":{"line":177,"column":8}},{"start":{"line":177,"column":8},"end":{"line":177,"column":8}}]}}},"contracts/Registry.sol":{"l":{"26":3,"27":3,"34":1,"42":7,"45":5,"47":3,"48":3,"50":3,"52":3,"53":3,"54":3,"55":3,"56":3,"63":4,"82":10,"85":10,"86":3,"89":7,"90":7,"91":7,"92":7,"93":7,"112":3,"113":3,"114":1,"116":2,"118":2,"119":2,"120":2,"121":2,"122":2,"130":9,"132":7,"135":7,"141":5,"143":3,"144":3,"145":3},"path":"/Users/pavel/Developer/Deco/smart_contracts/contracts/Registry.sol","s":{"1":3,"2":3,"3":1,"4":7,"5":5,"6":3,"7":3,"8":3,"9":3,"10":3,"11":3,"12":3,"13":3,"14":4,"15":10,"16":10,"17":3,"18":7,"19":7,"20":7,"21":7,"22":7,"23":3,"24":3,"25":1,"26":2,"27":2,"28":2,"29":2,"30":2,"31":2,"32":9,"33":7,"34":7,"35":5,"36":3,"37":3,"38":3},"b":{"1":[5,2],"2":[3,2],"3":[3,7],"4":[1,2],"5":[7,2],"6":[5,2],"7":[3,2]},"f":{"1":3,"2":1,"3":7,"4":4,"5":10,"6":3,"7":9},"fnMap":{"1":{"name":null,"line":25,"loc":{"start":{"line":25,"column":4},"end":{"line":25,"column":22}}},"2":{"name":"transferAnyERC20Token","line":33,"loc":{"start":{"line":33,"column":4},"end":{"line":33,"column":107}}},"3":{"name":"listModule","line":40,"loc":{"start":{"line":40,"column":4},"end":{"line":40,"column":133}}},"4":{"name":"getModuleId","line":62,"loc":{"start":{"line":62,"column":4},"end":{"line":62,"column":80}}},"5":{"name":"getModuleById","line":69,"loc":{"start":{"line":69,"column":4},"end":{"line":81,"column":5}}},"6":{"name":"getModuleByName","line":99,"loc":{"start":{"line":99,"column":4},"end":{"line":111,"column":5}}},"7":{"name":"editModule","line":128,"loc":{"start":{"line":128,"column":4},"end":{"line":128,"column":96}}}},"statementMap":{"1":{"start":{"line":26,"column":8},"end":{"line":26,"column":21}},"2":{"start":{"line":27,"column":8},"end":{"line":27,"column":18}},"3":{"start":{"line":34,"column":8},"end":{"line":34,"column":58}},"4":{"start":{"line":42,"column":8},"end":{"line":42,"column":133}},"5":{"start":{"line":45,"column":8},"end":{"line":45,"column":54}},"6":{"start":{"line":47,"column":8},"end":{"line":47,"column":22}},"7":{"start":{"line":48,"column":8},"end":{"line":48,"column":53}},"8":{"start":{"line":50,"column":8},"end":{"line":50,"column":57}},"9":{"start":{"line":52,"column":8},"end":{"line":52,"column":27}},"10":{"start":{"line":53,"column":8},"end":{"line":53,"column":45}},"11":{"start":{"line":54,"column":8},"end":{"line":54,"column":37}},"12":{"start":{"line":55,"column":8},"end":{"line":55,"column":40}},"13":{"start":{"line":56,"column":8},"end":{"line":56,"column":35}},"14":{"start":{"line":63,"column":8},"end":{"line":63,"column":48}},"15":{"start":{"line":82,"column":8},"end":{"line":82,"column":55}},"16":{"start":{"line":85,"column":8},"end":{"line":85,"column":3216}},"17":{"start":{"line":86,"column":12},"end":{"line":86,"column":18}},"18":{"start":{"line":89,"column":8},"end":{"line":89,"column":27}},"19":{"start":{"line":90,"column":8},"end":{"line":90,"column":45}},"20":{"start":{"line":91,"column":8},"end":{"line":91,"column":37}},"21":{"start":{"line":92,"column":8},"end":{"line":92,"column":43}},"22":{"start":{"line":93,"column":8},"end":{"line":93,"column":35}},"23":{"start":{"line":112,"column":8},"end":{"line":112,"column":56}},"24":{"start":{"line":113,"column":8},"end":{"line":113,"column":4061}},"25":{"start":{"line":114,"column":12},"end":{"line":114,"column":18}},"26":{"start":{"line":116,"column":8},"end":{"line":116,"column":55}},"27":{"start":{"line":118,"column":8},"end":{"line":118,"column":27}},"28":{"start":{"line":119,"column":8},"end":{"line":119,"column":45}},"29":{"start":{"line":120,"column":8},"end":{"line":120,"column":37}},"30":{"start":{"line":121,"column":8},"end":{"line":121,"column":43}},"31":{"start":{"line":122,"column":8},"end":{"line":122,"column":35}},"32":{"start":{"line":130,"column":8},"end":{"line":130,"column":92}},"33":{"start":{"line":132,"column":8},"end":{"line":132,"column":55}},"34":{"start":{"line":135,"column":8},"end":{"line":135,"column":4951}},"35":{"start":{"line":141,"column":8},"end":{"line":141,"column":73}},"36":{"start":{"line":143,"column":8},"end":{"line":143,"column":27}},"37":{"start":{"line":144,"column":8},"end":{"line":144,"column":43}},"38":{"start":{"line":145,"column":8},"end":{"line":145,"column":35}}},"branchMap":{"1":{"line":42,"type":"if","locations":[{"start":{"line":42,"column":8},"end":{"line":42,"column":8}},{"start":{"line":42,"column":8},"end":{"line":42,"column":8}}]},"2":{"line":45,"type":"if","locations":[{"start":{"line":45,"column":8},"end":{"line":45,"column":8}},{"start":{"line":45,"column":8},"end":{"line":45,"column":8}}]},"3":{"line":85,"type":"if","locations":[{"start":{"line":85,"column":8},"end":{"line":85,"column":8}},{"start":{"line":85,"column":8},"end":{"line":85,"column":8}}]},"4":{"line":113,"type":"if","locations":[{"start":{"line":113,"column":8},"end":{"line":113,"column":8}},{"start":{"line":113,"column":8},"end":{"line":113,"column":8}}]},"5":{"line":130,"type":"if","locations":[{"start":{"line":130,"column":8},"end":{"line":130,"column":8}},{"start":{"line":130,"column":8},"end":{"line":130,"column":8}}]},"6":{"line":135,"type":"if","locations":[{"start":{"line":135,"column":8},"end":{"line":135,"column":8}},{"start":{"line":135,"column":8},"end":{"line":135,"column":8}}]},"7":{"line":141,"type":"if","locations":[{"start":{"line":141,"column":8},"end":{"line":141,"column":8}},{"start":{"line":141,"column":8},"end":{"line":141,"column":8}}]}}},"contracts/Relay.sol":{"l":{"17":2,"24":1,"31":5,"32":3,"39":5,"40":3,"47":3,"48":1,"55":4,"56":2},"path":"/Users/pavel/Developer/Deco/smart_contracts/contracts/Relay.sol","s":{"1":2,"2":1,"3":5,"4":3,"5":5,"6":3,"7":3,"8":1,"9":4,"10":2},"b":{"1":[3,2],"2":[3,2],"3":[1,2],"4":[2,2]},"f":{"1":2,"2":1,"3":5,"4":5,"5":3,"6":4},"fnMap":{"1":{"name":null,"line":16,"loc":{"start":{"line":16,"column":4},"end":{"line":16,"column":22}}},"2":{"name":"transferAnyERC20Token","line":23,"loc":{"start":{"line":23,"column":4},"end":{"line":23,"column":107}}},"3":{"name":"setLicenseSalesContractAddress","line":30,"loc":{"start":{"line":30,"column":4},"end":{"line":30,"column":78}}},"4":{"name":"setRegistryContractAddress","line":38,"loc":{"start":{"line":38,"column":4},"end":{"line":38,"column":74}}},"5":{"name":"setApiRegistryContractAddress","line":46,"loc":{"start":{"line":46,"column":4},"end":{"line":46,"column":77}}},"6":{"name":"setApiCallsContractAddress","line":54,"loc":{"start":{"line":54,"column":4},"end":{"line":54,"column":74}}}},"statementMap":{"1":{"start":{"line":17,"column":8},"end":{"line":17,"column":18}},"2":{"start":{"line":24,"column":8},"end":{"line":24,"column":58}},"3":{"start":{"line":31,"column":8},"end":{"line":31,"column":40}},"4":{"start":{"line":32,"column":8},"end":{"line":32,"column":47}},"5":{"start":{"line":39,"column":8},"end":{"line":39,"column":40}},"6":{"start":{"line":40,"column":8},"end":{"line":40,"column":43}},"7":{"start":{"line":47,"column":8},"end":{"line":47,"column":40}},"8":{"start":{"line":48,"column":8},"end":{"line":48,"column":46}},"9":{"start":{"line":55,"column":8},"end":{"line":55,"column":40}},"10":{"start":{"line":56,"column":8},"end":{"line":56,"column":43}}},"branchMap":{"1":{"line":31,"type":"if","locations":[{"start":{"line":31,"column":8},"end":{"line":31,"column":8}},{"start":{"line":31,"column":8},"end":{"line":31,"column":8}}]},"2":{"line":39,"type":"if","locations":[{"start":{"line":39,"column":8},"end":{"line":39,"column":8}},{"start":{"line":39,"column":8},"end":{"line":39,"column":8}}]},"3":{"line":47,"type":"if","locations":[{"start":{"line":47,"column":8},"end":{"line":47,"column":8}},{"start":{"line":47,"column":8},"end":{"line":47,"column":8}}]},"4":{"line":55,"type":"if","locations":[{"start":{"line":55,"column":8},"end":{"line":55,"column":8}},{"start":{"line":55,"column":8},"end":{"line":55,"column":8}}]}}}}