{"contracts/APICalls.sol":{"l":{"114":1,"118":1,"121":1,"124":1,"127":1,"128":1,"135":1,"142":1,"143":1,"144":1,"145":1,"146":1,"153":1,"154":1,"161":8,"162":8,"169":3,"170":3,"177":1,"178":1,"185":8,"192":2,"199":2,"207":37,"208":37,"211":37,"213":37,"214":37,"215":37,"216":37,"218":37,"221":37,"222":37,"225":37,"227":37,"229":37,"231":37,"233":37,"235":22,"238":37,"240":37,"253":26,"254":26,"257":26,"259":26,"260":26,"261":26,"262":26,"264":26,"267":26,"269":26,"271":26,"272":14,"277":12,"278":12,"281":12,"283":12,"292":12,"295":12,"300":5,"301":5,"304":5,"306":5,"307":5,"308":5,"309":5,"311":5,"314":5,"317":5,"318":5,"319":5,"321":5,"322":1,"327":4,"328":4,"331":4,"334":4,"336":4,"345":4,"348":4,"352":8,"353":8,"357":71,"358":71,"359":71,"360":71,"361":71,"362":71,"366":96,"367":96,"371":14,"372":14,"373":14,"377":5,"378":5,"379":5,"380":5,"381":5,"385":1,"386":1,"390":1,"391":1,"395":100,"397":100,"401":21,"403":21,"404":21,"405":18,"406":18,"407":18,"410":21,"414":5,"418":12,"421":12,"423":12,"424":12,"433":6,"436":6,"438":6,"439":6,"441":6,"443":6,"444":6,"449":34,"453":16,"454":16,"457":16,"458":16,"459":16,"460":16,"465":26,"467":26,"468":26,"469":26,"471":1,"473":26,"474":26,"475":26,"476":26,"478":26,"480":26,"481":26,"484":26,"485":21,"488":26,"489":14,"493":12,"496":12,"498":12,"502":5,"504":5,"505":5,"506":5,"508":5,"509":10,"510":10,"511":10,"512":10,"514":9,"516":10,"517":10,"518":10,"519":10,"521":10,"523":10,"524":10,"525":10,"528":10,"529":9,"532":10,"534":5,"537":5,"540":5,"546":36,"547":36,"548":36,"551":36,"553":11,"554":11,"557":11,"560":6,"563":6,"568":5,"569":5,"572":5,"576":25,"577":25,"578":25,"581":25,"583":4,"588":21,"592":36,"593":36,"597":21,"599":21,"601":21,"602":42,"603":10,"605":42,"606":30,"609":21,"610":9},"path":"/Users/chris/Documents/WorkStuff/Deconet/Blockchain/DeconetToken/contracts/APICalls.sol","s":{"1":1,"2":1,"3":1,"4":1,"5":1,"6":1,"7":1,"8":1,"9":1,"10":1,"11":1,"12":1,"13":1,"14":8,"15":8,"16":3,"17":3,"18":1,"19":1,"20":8,"21":2,"22":2,"23":37,"24":37,"25":37,"26":37,"27":37,"28":37,"29":37,"30":37,"31":37,"32":37,"33":37,"34":37,"35":37,"36":26,"37":26,"38":26,"39":26,"40":26,"41":26,"42":26,"43":14,"44":12,"45":12,"46":12,"47":12,"48":12,"49":5,"50":5,"51":5,"52":5,"53":5,"54":5,"55":5,"56":5,"57":5,"58":1,"59":4,"60":4,"61":4,"62":4,"63":4,"64":4,"65":8,"66":8,"67":71,"68":71,"69":71,"70":71,"71":71,"72":71,"73":96,"74":96,"75":14,"76":14,"77":14,"78":5,"79":5,"80":5,"81":5,"82":1,"83":1,"84":1,"85":1,"86":100,"87":100,"88":21,"89":21,"90":21,"91":18,"92":18,"93":18,"94":21,"95":5,"96":12,"97":12,"98":12,"99":12,"100":6,"101":6,"102":6,"103":6,"104":6,"105":6,"106":6,"107":34,"108":16,"109":16,"110":16,"111":16,"112":16,"113":26,"114":26,"115":26,"116":26,"117":1,"118":26,"119":26,"120":26,"121":26,"122":26,"123":26,"124":26,"125":26,"126":21,"127":26,"128":14,"129":12,"130":12,"131":12,"132":5,"133":5,"134":5,"135":5,"136":5,"137":10,"138":10,"139":10,"140":10,"141":9,"142":10,"143":10,"144":10,"145":10,"146":10,"147":10,"148":10,"149":10,"150":10,"151":10,"152":5,"153":5,"154":5,"155":36,"156":36,"157":36,"158":36,"159":11,"160":11,"161":11,"162":6,"163":6,"164":5,"165":5,"166":5,"167":25,"168":25,"169":25,"170":25,"171":4,"172":21,"173":36,"174":36,"175":21,"176":21,"177":21,"178":42,"179":10,"180":42,"181":30,"182":21},"b":{"1":[1,0],"2":[1,0],"3":[1,0],"4":[1,0],"5":[8,0],"6":[3,0],"7":[1,0],"8":[37,0],"9":[37,0],"10":[37,0],"11":[37,0],"12":[22,15],"13":[26,0],"14":[14,12],"15":[5,0],"16":[1,4],"17":[5,0],"18":[12,0],"19":[12,0],"20":[6,0],"21":[6,0],"22":[6,0],"23":[16,0],"24":[1,25],"25":[21,5],"26":[14,12],"27":[9,1],"28":[9,1],"29":[5,5],"30":[11,25],"31":[6,5],"32":[4,21],"33":[10,32],"34":[30,12],"35":[9,12]},"f":{"1":1,"2":1,"3":1,"4":1,"5":8,"6":3,"7":1,"8":8,"9":2,"10":2,"11":37,"12":26,"13":5,"14":8,"15":71,"16":96,"17":14,"18":5,"19":1,"20":1,"21":100,"22":21,"23":5,"24":12,"25":6,"26":34,"27":16,"28":26,"29":5,"30":36,"31":21},"fnMap":{"1":{"name":"APICalls","line":113,"loc":{"start":{"line":113,"column":2},"end":{"line":113,"column":28}}},"2":{"name":"transferAnyERC20Token","line":134,"loc":{"start":{"line":134,"column":2},"end":{"line":134,"column":107}}},"3":{"name":"withdrawEther","line":141,"loc":{"start":{"line":141,"column":2},"end":{"line":141,"column":44}}},"4":{"name":"setWithdrawAddress","line":152,"loc":{"start":{"line":152,"column":2},"end":{"line":152,"column":72}}},"5":{"name":"setUsageReportingAddress","line":160,"loc":{"start":{"line":160,"column":2},"end":{"line":160,"column":84}}},"6":{"name":"setRelayContractAddress","line":168,"loc":{"start":{"line":168,"column":2},"end":{"line":168,"column":82}}},"7":{"name":"setTokenContractAddress","line":176,"loc":{"start":{"line":176,"column":2},"end":{"line":176,"column":82}}},"8":{"name":"setTokenReward","line":184,"loc":{"start":{"line":184,"column":2},"end":{"line":184,"column":61}}},"9":{"name":"setSaleFee","line":191,"loc":{"start":{"line":191,"column":2},"end":{"line":191,"column":53}}},"10":{"name":"setDefaultBuyerLastPaidAt","line":198,"loc":{"start":{"line":198,"column":2},"end":{"line":198,"column":83}}},"11":{"name":"reportUsage","line":205,"loc":{"start":{"line":205,"column":2},"end":{"line":205,"column":78}}},"12":{"name":"paySellerForBuyer","line":251,"loc":{"start":{"line":251,"column":2},"end":{"line":251,"column":69}}},"13":{"name":"paySeller","line":298,"loc":{"start":{"line":298,"column":2},"end":{"line":298,"column":39}}},"14":{"name":"buyerLastPaidAt","line":351,"loc":{"start":{"line":351,"column":2},"end":{"line":351,"column":87}}},"15":{"name":"buyerInfoOf","line":356,"loc":{"start":{"line":356,"column":2},"end":{"line":356,"column":186}}},"16":{"name":"creditsBalanceOf","line":365,"loc":{"start":{"line":365,"column":2},"end":{"line":365,"column":68}}},"17":{"name":"addCredits","line":370,"loc":{"start":{"line":370,"column":2},"end":{"line":370,"column":48}}},"18":{"name":"withdrawCredits","line":376,"loc":{"start":{"line":376,"column":2},"end":{"line":376,"column":46}}},"19":{"name":"nonzeroAddressesElementForApi","line":384,"loc":{"start":{"line":384,"column":2},"end":{"line":384,"column":94}}},"20":{"name":"nonzeroAddressesLengthForApi","line":389,"loc":{"start":{"line":389,"column":2},"end":{"line":389,"column":78}}},"21":{"name":"amountOwedForApiForBuyer","line":394,"loc":{"start":{"line":394,"column":2},"end":{"line":394,"column":96}}},"22":{"name":"totalOwedForApi","line":400,"loc":{"start":{"line":400,"column":2},"end":{"line":400,"column":65}}},"23":{"name":"approvedAmount","line":413,"loc":{"start":{"line":413,"column":2},"end":{"line":413,"column":86}}},"24":{"name":"approveAmount","line":417,"loc":{"start":{"line":417,"column":2},"end":{"line":417,"column":81}}},"25":{"name":"approveAmountAndSetFirstUseTime","line":432,"loc":{"start":{"line":432,"column":2},"end":{"line":432,"column":118}}},"26":{"name":"buyerExceededApprovedAmount","line":448,"loc":{"start":{"line":448,"column":2},"end":{"line":448,"column":99}}},"27":{"name":"rewardTokens","line":452,"loc":{"start":{"line":452,"column":2},"end":{"line":452,"column":62}}},"28":{"name":"processSalesForSingleBuyer","line":464,"loc":{"start":{"line":464,"column":2},"end":{"line":464,"column":94}}},"29":{"name":"processSalesForAllBuyers","line":501,"loc":{"start":{"line":501,"column":2},"end":{"line":501,"column":101}}},"30":{"name":"chargeBuyer","line":545,"loc":{"start":{"line":545,"column":2},"end":{"line":545,"column":154}}},"31":{"name":"removeAddressFromNonzeroBalancesArray","line":596,"loc":{"start":{"line":596,"column":2},"end":{"line":596,"column":86}}}},"statementMap":{"1":{"start":{"line":114,"column":4},"end":{"line":114,"column":14}},"2":{"start":{"line":118,"column":4},"end":{"line":118,"column":29}},"3":{"start":{"line":121,"column":4},"end":{"line":121,"column":15}},"4":{"start":{"line":124,"column":4},"end":{"line":124,"column":34}},"5":{"start":{"line":127,"column":4},"end":{"line":127,"column":31}},"6":{"start":{"line":128,"column":4},"end":{"line":128,"column":37}},"7":{"start":{"line":135,"column":4},"end":{"line":135,"column":54}},"8":{"start":{"line":142,"column":4},"end":{"line":142,"column":41}},"9":{"start":{"line":143,"column":4},"end":{"line":143,"column":34}},"10":{"start":{"line":144,"column":4},"end":{"line":144,"column":40}},"11":{"start":{"line":145,"column":4},"end":{"line":145,"column":54}},"12":{"start":{"line":153,"column":4},"end":{"line":153,"column":42}},"13":{"start":{"line":154,"column":4},"end":{"line":154,"column":37}},"14":{"start":{"line":161,"column":4},"end":{"line":161,"column":48}},"15":{"start":{"line":162,"column":4},"end":{"line":162,"column":49}},"16":{"start":{"line":169,"column":4},"end":{"line":169,"column":47}},"17":{"start":{"line":170,"column":4},"end":{"line":170,"column":47}},"18":{"start":{"line":177,"column":4},"end":{"line":177,"column":47}},"19":{"start":{"line":178,"column":4},"end":{"line":178,"column":47}},"20":{"start":{"line":185,"column":4},"end":{"line":185,"column":29}},"21":{"start":{"line":192,"column":4},"end":{"line":192,"column":21}},"22":{"start":{"line":199,"column":4},"end":{"line":199,"column":51}},"23":{"start":{"line":207,"column":4},"end":{"line":207,"column":44}},"24":{"start":{"line":208,"column":4},"end":{"line":208,"column":66}},"25":{"start":{"line":211,"column":4},"end":{"line":211,"column":60}},"26":{"start":{"line":218,"column":4},"end":{"line":218,"column":104}},"27":{"start":{"line":221,"column":4},"end":{"line":221,"column":39}},"28":{"start":{"line":222,"column":4},"end":{"line":222,"column":78}},"29":{"start":{"line":225,"column":4},"end":{"line":225,"column":49}},"30":{"start":{"line":227,"column":4},"end":{"line":227,"column":47}},"31":{"start":{"line":229,"column":4},"end":{"line":229,"column":26}},"32":{"start":{"line":231,"column":4},"end":{"line":231,"column":46}},"33":{"start":{"line":233,"column":4},"end":{"line":233,"column":8595}},"34":{"start":{"line":238,"column":4},"end":{"line":238,"column":86}},"35":{"start":{"line":240,"column":4},"end":{"line":240,"column":8876}},"36":{"start":{"line":253,"column":4},"end":{"line":253,"column":44}},"37":{"start":{"line":254,"column":4},"end":{"line":254,"column":66}},"38":{"start":{"line":257,"column":4},"end":{"line":257,"column":60}},"39":{"start":{"line":264,"column":4},"end":{"line":264,"column":104}},"40":{"start":{"line":267,"column":4},"end":{"line":267,"column":101}},"41":{"start":{"line":269,"column":4},"end":{"line":269,"column":67}},"42":{"start":{"line":271,"column":4},"end":{"line":271,"column":9807}},"43":{"start":{"line":272,"column":6},"end":{"line":272,"column":12}},"44":{"start":{"line":277,"column":4},"end":{"line":277,"column":54}},"45":{"start":{"line":278,"column":4},"end":{"line":278,"column":35}},"46":{"start":{"line":281,"column":4},"end":{"line":281,"column":28}},"47":{"start":{"line":283,"column":4},"end":{"line":283,"column":10164}},"48":{"start":{"line":292,"column":4},"end":{"line":292,"column":43}},"49":{"start":{"line":300,"column":4},"end":{"line":300,"column":44}},"50":{"start":{"line":301,"column":4},"end":{"line":301,"column":66}},"51":{"start":{"line":304,"column":4},"end":{"line":304,"column":60}},"52":{"start":{"line":311,"column":4},"end":{"line":311,"column":104}},"53":{"start":{"line":314,"column":4},"end":{"line":314,"column":101}},"54":{"start":{"line":317,"column":4},"end":{"line":317,"column":24}},"55":{"start":{"line":318,"column":4},"end":{"line":318,"column":23}},"56":{"start":{"line":319,"column":4},"end":{"line":319,"column":64}},"57":{"start":{"line":321,"column":4},"end":{"line":321,"column":11271}},"58":{"start":{"line":322,"column":6},"end":{"line":322,"column":12}},"59":{"start":{"line":327,"column":4},"end":{"line":327,"column":57}},"60":{"start":{"line":328,"column":4},"end":{"line":328,"column":38}},"61":{"start":{"line":331,"column":4},"end":{"line":331,"column":28}},"62":{"start":{"line":334,"column":4},"end":{"line":334,"column":55}},"63":{"start":{"line":336,"column":4},"end":{"line":336,"column":11825}},"64":{"start":{"line":345,"column":4},"end":{"line":345,"column":48}},"65":{"start":{"line":352,"column":4},"end":{"line":352,"column":46}},"66":{"start":{"line":353,"column":4},"end":{"line":353,"column":51}},"67":{"start":{"line":357,"column":4},"end":{"line":357,"column":41}},"68":{"start":{"line":358,"column":4},"end":{"line":358,"column":34}},"69":{"start":{"line":359,"column":4},"end":{"line":359,"column":56}},"70":{"start":{"line":360,"column":4},"end":{"line":360,"column":26}},"71":{"start":{"line":361,"column":4},"end":{"line":361,"column":50}},"72":{"start":{"line":362,"column":4},"end":{"line":362,"column":82}},"73":{"start":{"line":366,"column":4},"end":{"line":366,"column":41}},"74":{"start":{"line":367,"column":4},"end":{"line":367,"column":24}},"75":{"start":{"line":371,"column":4},"end":{"line":371,"column":39}},"76":{"start":{"line":372,"column":4},"end":{"line":372,"column":47}},"77":{"start":{"line":373,"column":4},"end":{"line":373,"column":35}},"78":{"start":{"line":377,"column":4},"end":{"line":377,"column":47}},"79":{"start":{"line":378,"column":4},"end":{"line":378,"column":35}},"80":{"start":{"line":379,"column":4},"end":{"line":379,"column":44}},"81":{"start":{"line":381,"column":4},"end":{"line":381,"column":41}},"82":{"start":{"line":385,"column":4},"end":{"line":385,"column":46}},"83":{"start":{"line":386,"column":4},"end":{"line":386,"column":45}},"84":{"start":{"line":390,"column":4},"end":{"line":390,"column":46}},"85":{"start":{"line":391,"column":4},"end":{"line":391,"column":45}},"86":{"start":{"line":395,"column":4},"end":{"line":395,"column":46}},"87":{"start":{"line":397,"column":4},"end":{"line":397,"column":43}},"88":{"start":{"line":401,"column":4},"end":{"line":401,"column":46}},"89":{"start":{"line":403,"column":4},"end":{"line":403,"column":21}},"90":{"start":{"line":404,"column":4},"end":{"line":404,"column":14131}},"91":{"start":{"line":405,"column":6},"end":{"line":405,"column":58}},"92":{"start":{"line":406,"column":6},"end":{"line":406,"column":54}},"93":{"start":{"line":407,"column":6},"end":{"line":407,"column":41}},"94":{"start":{"line":410,"column":4},"end":{"line":410,"column":20}},"95":{"start":{"line":414,"column":4},"end":{"line":414,"column":54}},"96":{"start":{"line":418,"column":4},"end":{"line":418,"column":52}},"97":{"start":{"line":421,"column":4},"end":{"line":421,"column":77}},"98":{"start":{"line":423,"column":4},"end":{"line":423,"column":49}},"99":{"start":{"line":424,"column":4},"end":{"line":424,"column":43}},"100":{"start":{"line":433,"column":4},"end":{"line":433,"column":52}},"101":{"start":{"line":436,"column":4},"end":{"line":436,"column":77}},"102":{"start":{"line":438,"column":4},"end":{"line":438,"column":46}},"103":{"start":{"line":439,"column":4},"end":{"line":439,"column":57}},"104":{"start":{"line":441,"column":4},"end":{"line":441,"column":58}},"105":{"start":{"line":443,"column":4},"end":{"line":443,"column":49}},"106":{"start":{"line":444,"column":4},"end":{"line":444,"column":43}},"107":{"start":{"line":449,"column":4},"end":{"line":449,"column":61}},"108":{"start":{"line":453,"column":4},"end":{"line":453,"column":58}},"109":{"start":{"line":454,"column":4},"end":{"line":454,"column":37}},"110":{"start":{"line":457,"column":4},"end":{"line":457,"column":55}},"111":{"start":{"line":458,"column":4},"end":{"line":458,"column":72}},"112":{"start":{"line":459,"column":4},"end":{"line":459,"column":16662}},"113":{"start":{"line":465,"column":4},"end":{"line":465,"column":46}},"114":{"start":{"line":467,"column":4},"end":{"line":467,"column":52}},"115":{"start":{"line":468,"column":4},"end":{"line":468,"column":70}},"116":{"start":{"line":469,"column":4},"end":{"line":469,"column":17076}},"117":{"start":{"line":471,"column":6},"end":{"line":471,"column":55}},"118":{"start":{"line":473,"column":4},"end":{"line":473,"column":65}},"119":{"start":{"line":474,"column":4},"end":{"line":474,"column":32}},"120":{"start":{"line":475,"column":4},"end":{"line":475,"column":21}},"121":{"start":{"line":476,"column":4},"end":{"line":476,"column":27}},"122":{"start":{"line":478,"column":4},"end":{"line":478,"column":104}},"123":{"start":{"line":480,"column":4},"end":{"line":480,"column":42}},"124":{"start":{"line":481,"column":4},"end":{"line":481,"column":50}},"125":{"start":{"line":484,"column":4},"end":{"line":484,"column":17766}},"126":{"start":{"line":485,"column":6},"end":{"line":485,"column":63}},"127":{"start":{"line":488,"column":4},"end":{"line":488,"column":17919}},"128":{"start":{"line":489,"column":6},"end":{"line":489,"column":14}},"129":{"start":{"line":493,"column":4},"end":{"line":493,"column":63}},"130":{"start":{"line":496,"column":4},"end":{"line":496,"column":49}},"131":{"start":{"line":498,"column":4},"end":{"line":498,"column":20}},"132":{"start":{"line":502,"column":4},"end":{"line":502,"column":46}},"133":{"start":{"line":504,"column":4},"end":{"line":504,"column":25}},"134":{"start":{"line":505,"column":4},"end":{"line":505,"column":69}},"135":{"start":{"line":506,"column":4},"end":{"line":506,"column":49}},"136":{"start":{"line":508,"column":4},"end":{"line":508,"column":18473}},"137":{"start":{"line":509,"column":6},"end":{"line":509,"column":50}},"138":{"start":{"line":510,"column":6},"end":{"line":510,"column":54}},"139":{"start":{"line":511,"column":6},"end":{"line":511,"column":72}},"140":{"start":{"line":512,"column":6},"end":{"line":512,"column":18722}},"141":{"start":{"line":514,"column":8},"end":{"line":514,"column":57}},"142":{"start":{"line":516,"column":6},"end":{"line":516,"column":75}},"143":{"start":{"line":517,"column":6},"end":{"line":517,"column":34}},"144":{"start":{"line":518,"column":6},"end":{"line":518,"column":23}},"145":{"start":{"line":519,"column":6},"end":{"line":519,"column":29}},"146":{"start":{"line":521,"column":6},"end":{"line":521,"column":106}},"147":{"start":{"line":523,"column":6},"end":{"line":523,"column":47}},"148":{"start":{"line":524,"column":6},"end":{"line":524,"column":44}},"149":{"start":{"line":525,"column":6},"end":{"line":525,"column":52}},"150":{"start":{"line":528,"column":6},"end":{"line":528,"column":19515}},"151":{"start":{"line":532,"column":6},"end":{"line":532,"column":19665}},"152":{"start":{"line":534,"column":8},"end":{"line":534,"column":67}},"153":{"start":{"line":537,"column":8},"end":{"line":537,"column":53}},"154":{"start":{"line":540,"column":8},"end":{"line":540,"column":23}},"155":{"start":{"line":546,"column":4},"end":{"line":546,"column":49}},"156":{"start":{"line":547,"column":4},"end":{"line":547,"column":62}},"157":{"start":{"line":548,"column":4},"end":{"line":548,"column":98}},"158":{"start":{"line":551,"column":4},"end":{"line":551,"column":20376}},"159":{"start":{"line":553,"column":6},"end":{"line":553,"column":24}},"160":{"start":{"line":554,"column":6},"end":{"line":554,"column":30}},"161":{"start":{"line":557,"column":6},"end":{"line":557,"column":20577}},"162":{"start":{"line":560,"column":8},"end":{"line":560,"column":50}},"163":{"start":{"line":563,"column":8},"end":{"line":563,"column":23}},"164":{"start":{"line":568,"column":8},"end":{"line":568,"column":49}},"165":{"start":{"line":569,"column":8},"end":{"line":569,"column":53}},"166":{"start":{"line":572,"column":8},"end":{"line":572,"column":43}},"167":{"start":{"line":576,"column":6},"end":{"line":576,"column":23}},"168":{"start":{"line":577,"column":6},"end":{"line":577,"column":29}},"169":{"start":{"line":578,"column":6},"end":{"line":578,"column":38}},"170":{"start":{"line":581,"column":6},"end":{"line":581,"column":21398}},"171":{"start":{"line":583,"column":8},"end":{"line":583,"column":43}},"172":{"start":{"line":588,"column":8},"end":{"line":588,"column":27}},"173":{"start":{"line":592,"column":4},"end":{"line":592,"column":42}},"174":{"start":{"line":593,"column":4},"end":{"line":593,"column":66}},"175":{"start":{"line":597,"column":4},"end":{"line":597,"column":46}},"176":{"start":{"line":599,"column":4},"end":{"line":599,"column":28}},"177":{"start":{"line":601,"column":4},"end":{"line":601,"column":22065}},"178":{"start":{"line":602,"column":6},"end":{"line":602,"column":22139}},"179":{"start":{"line":603,"column":8},"end":{"line":603,"column":26}},"180":{"start":{"line":605,"column":6},"end":{"line":605,"column":22232}},"181":{"start":{"line":606,"column":8},"end":{"line":606,"column":72}},"182":{"start":{"line":609,"column":4},"end":{"line":609,"column":22351}}},"branchMap":{"1":{"line":142,"type":"if","locations":[{"start":{"line":142,"column":4},"end":{"line":142,"column":4}},{"start":{"line":142,"column":4},"end":{"line":142,"column":4}}]},"2":{"line":143,"type":"if","locations":[{"start":{"line":143,"column":4},"end":{"line":143,"column":4}},{"start":{"line":143,"column":4},"end":{"line":143,"column":4}}]},"3":{"line":144,"type":"if","locations":[{"start":{"line":144,"column":4},"end":{"line":144,"column":4}},{"start":{"line":144,"column":4},"end":{"line":144,"column":4}}]},"4":{"line":153,"type":"if","locations":[{"start":{"line":153,"column":4},"end":{"line":153,"column":4}},{"start":{"line":153,"column":4},"end":{"line":153,"column":4}}]},"5":{"line":161,"type":"if","locations":[{"start":{"line":161,"column":4},"end":{"line":161,"column":4}},{"start":{"line":161,"column":4},"end":{"line":161,"column":4}}]},"6":{"line":169,"type":"if","locations":[{"start":{"line":169,"column":4},"end":{"line":169,"column":4}},{"start":{"line":169,"column":4},"end":{"line":169,"column":4}}]},"7":{"line":177,"type":"if","locations":[{"start":{"line":177,"column":4},"end":{"line":177,"column":4}},{"start":{"line":177,"column":4},"end":{"line":177,"column":4}}]},"8":{"line":221,"type":"if","locations":[{"start":{"line":221,"column":4},"end":{"line":221,"column":4}},{"start":{"line":221,"column":4},"end":{"line":221,"column":4}}]},"9":{"line":222,"type":"if","locations":[{"start":{"line":222,"column":4},"end":{"line":222,"column":4}},{"start":{"line":222,"column":4},"end":{"line":222,"column":4}}]},"10":{"line":225,"type":"if","locations":[{"start":{"line":225,"column":4},"end":{"line":225,"column":4}},{"start":{"line":225,"column":4},"end":{"line":225,"column":4}}]},"11":{"line":229,"type":"if","locations":[{"start":{"line":229,"column":4},"end":{"line":229,"column":4}},{"start":{"line":229,"column":4},"end":{"line":229,"column":4}}]},"12":{"line":233,"type":"if","locations":[{"start":{"line":233,"column":4},"end":{"line":233,"column":4}},{"start":{"line":233,"column":4},"end":{"line":233,"column":4}}]},"13":{"line":267,"type":"if","locations":[{"start":{"line":267,"column":4},"end":{"line":267,"column":4}},{"start":{"line":267,"column":4},"end":{"line":267,"column":4}}]},"14":{"line":271,"type":"if","locations":[{"start":{"line":271,"column":4},"end":{"line":271,"column":4}},{"start":{"line":271,"column":4},"end":{"line":271,"column":4}}]},"15":{"line":314,"type":"if","locations":[{"start":{"line":314,"column":4},"end":{"line":314,"column":4}},{"start":{"line":314,"column":4},"end":{"line":314,"column":4}}]},"16":{"line":321,"type":"if","locations":[{"start":{"line":321,"column":4},"end":{"line":321,"column":4}},{"start":{"line":321,"column":4},"end":{"line":321,"column":4}}]},"17":{"line":378,"type":"if","locations":[{"start":{"line":378,"column":4},"end":{"line":378,"column":4}},{"start":{"line":378,"column":4},"end":{"line":378,"column":4}}]},"18":{"line":418,"type":"if","locations":[{"start":{"line":418,"column":4},"end":{"line":418,"column":4}},{"start":{"line":418,"column":4},"end":{"line":418,"column":4}}]},"19":{"line":421,"type":"if","locations":[{"start":{"line":421,"column":4},"end":{"line":421,"column":4}},{"start":{"line":421,"column":4},"end":{"line":421,"column":4}}]},"20":{"line":433,"type":"if","locations":[{"start":{"line":433,"column":4},"end":{"line":433,"column":4}},{"start":{"line":433,"column":4},"end":{"line":433,"column":4}}]},"21":{"line":436,"type":"if","locations":[{"start":{"line":436,"column":4},"end":{"line":436,"column":4}},{"start":{"line":436,"column":4},"end":{"line":436,"column":4}}]},"22":{"line":439,"type":"if","locations":[{"start":{"line":439,"column":4},"end":{"line":439,"column":4}},{"start":{"line":439,"column":4},"end":{"line":439,"column":4}}]},"23":{"line":459,"type":"if","locations":[{"start":{"line":459,"column":4},"end":{"line":459,"column":4}},{"start":{"line":459,"column":4},"end":{"line":459,"column":4}}]},"24":{"line":469,"type":"if","locations":[{"start":{"line":469,"column":4},"end":{"line":469,"column":4}},{"start":{"line":469,"column":4},"end":{"line":469,"column":4}}]},"25":{"line":484,"type":"if","locations":[{"start":{"line":484,"column":4},"end":{"line":484,"column":4}},{"start":{"line":484,"column":4},"end":{"line":484,"column":4}}]},"26":{"line":488,"type":"if","locations":[{"start":{"line":488,"column":4},"end":{"line":488,"column":4}},{"start":{"line":488,"column":4},"end":{"line":488,"column":4}}]},"27":{"line":512,"type":"if","locations":[{"start":{"line":512,"column":6},"end":{"line":512,"column":6}},{"start":{"line":512,"column":6},"end":{"line":512,"column":6}}]},"28":{"line":528,"type":"if","locations":[{"start":{"line":528,"column":6},"end":{"line":528,"column":6}},{"start":{"line":528,"column":6},"end":{"line":528,"column":6}}]},"29":{"line":532,"type":"if","locations":[{"start":{"line":532,"column":6},"end":{"line":532,"column":6}},{"start":{"line":532,"column":6},"end":{"line":532,"column":6}}]},"30":{"line":551,"type":"if","locations":[{"start":{"line":551,"column":4},"end":{"line":551,"column":4}},{"start":{"line":551,"column":4},"end":{"line":551,"column":4}}]},"31":{"line":557,"type":"if","locations":[{"start":{"line":557,"column":6},"end":{"line":557,"column":6}},{"start":{"line":557,"column":6},"end":{"line":557,"column":6}}]},"32":{"line":581,"type":"if","locations":[{"start":{"line":581,"column":6},"end":{"line":581,"column":6}},{"start":{"line":581,"column":6},"end":{"line":581,"column":6}}]},"33":{"line":602,"type":"if","locations":[{"start":{"line":602,"column":6},"end":{"line":602,"column":6}},{"start":{"line":602,"column":6},"end":{"line":602,"column":6}}]},"34":{"line":605,"type":"if","locations":[{"start":{"line":605,"column":6},"end":{"line":605,"column":6}},{"start":{"line":605,"column":6},"end":{"line":605,"column":6}}]},"35":{"line":609,"type":"if","locations":[{"start":{"line":609,"column":4},"end":{"line":609,"column":4}},{"start":{"line":609,"column":4},"end":{"line":609,"column":4}}]}}},"contracts/APIRegistry.sol":{"l":{"27":2,"28":2,"35":1,"40":13,"43":12,"45":11,"46":11,"48":11,"50":11,"51":11,"52":11,"53":11,"54":11,"55":11,"59":12,"63":70,"65":70,"66":70,"67":70,"68":70,"72":4,"74":4,"75":4,"76":4,"77":4,"78":4,"79":4,"83":3,"84":3,"85":1,"87":2,"89":2,"90":2,"91":2,"92":2,"93":2,"94":2,"98":5,"100":5,"103":5,"107":5,"109":4,"110":4,"111":4},"path":"/Users/chris/Documents/WorkStuff/Deconet/Blockchain/DeconetToken/contracts/APIRegistry.sol","s":{"1":2,"2":2,"3":1,"4":13,"5":12,"6":11,"7":11,"8":11,"9":11,"10":11,"11":11,"12":11,"13":11,"14":11,"15":12,"16":70,"17":70,"18":70,"19":70,"20":70,"21":4,"22":4,"23":4,"24":4,"25":4,"26":4,"27":4,"28":3,"29":3,"30":1,"31":2,"32":2,"33":2,"34":2,"35":2,"36":2,"37":2,"38":5,"39":5,"40":5,"41":5,"42":4,"43":4,"44":4},"b":{"1":[12,1],"2":[11,1],"3":[1,2],"4":[5,0],"5":[5,0],"6":[4,1]},"f":{"1":2,"2":1,"3":13,"4":12,"5":70,"6":4,"7":3,"8":5},"fnMap":{"1":{"name":"APIRegistry","line":26,"loc":{"start":{"line":26,"column":2},"end":{"line":26,"column":31}}},"2":{"name":"transferAnyERC20Token","line":34,"loc":{"start":{"line":34,"column":2},"end":{"line":34,"column":107}}},"3":{"name":"listApi","line":38,"loc":{"start":{"line":38,"column":2},"end":{"line":38,"column":118}}},"4":{"name":"getApiId","line":58,"loc":{"start":{"line":58,"column":2},"end":{"line":58,"column":63}}},"5":{"name":"getApiByIdWithoutDynamics","line":62,"loc":{"start":{"line":62,"column":2},"end":{"line":62,"column":152}}},"6":{"name":"getApiById","line":71,"loc":{"start":{"line":71,"column":2},"end":{"line":71,"column":170}}},"7":{"name":"getApiByName","line":82,"loc":{"start":{"line":82,"column":2},"end":{"line":82,"column":178}}},"8":{"name":"editApi","line":97,"loc":{"start":{"line":97,"column":2},"end":{"line":97,"column":95}}}},"statementMap":{"1":{"start":{"line":27,"column":4},"end":{"line":27,"column":14}},"2":{"start":{"line":28,"column":4},"end":{"line":28,"column":14}},"3":{"start":{"line":35,"column":4},"end":{"line":35,"column":54}},"4":{"start":{"line":40,"column":4},"end":{"line":40,"column":101}},"5":{"start":{"line":43,"column":4},"end":{"line":43,"column":33}},"6":{"start":{"line":45,"column":4},"end":{"line":45,"column":15}},"7":{"start":{"line":46,"column":4},"end":{"line":46,"column":29}},"8":{"start":{"line":48,"column":4},"end":{"line":48,"column":41}},"9":{"start":{"line":50,"column":4},"end":{"line":50,"column":34}},"10":{"start":{"line":51,"column":4},"end":{"line":51,"column":38}},"11":{"start":{"line":52,"column":4},"end":{"line":52,"column":24}},"12":{"start":{"line":53,"column":4},"end":{"line":53,"column":33}},"13":{"start":{"line":54,"column":4},"end":{"line":54,"column":26}},"14":{"start":{"line":55,"column":4},"end":{"line":55,"column":24}},"15":{"start":{"line":59,"column":4},"end":{"line":59,"column":27}},"16":{"start":{"line":63,"column":4},"end":{"line":63,"column":39}},"17":{"start":{"line":65,"column":4},"end":{"line":65,"column":34}},"18":{"start":{"line":66,"column":4},"end":{"line":66,"column":38}},"19":{"start":{"line":67,"column":4},"end":{"line":67,"column":24}},"20":{"start":{"line":68,"column":4},"end":{"line":68,"column":36}},"21":{"start":{"line":72,"column":4},"end":{"line":72,"column":39}},"22":{"start":{"line":74,"column":4},"end":{"line":74,"column":34}},"23":{"start":{"line":75,"column":4},"end":{"line":75,"column":38}},"24":{"start":{"line":76,"column":4},"end":{"line":76,"column":24}},"25":{"start":{"line":77,"column":4},"end":{"line":77,"column":36}},"26":{"start":{"line":78,"column":4},"end":{"line":78,"column":26}},"27":{"start":{"line":79,"column":4},"end":{"line":79,"column":24}},"28":{"start":{"line":83,"column":4},"end":{"line":83,"column":33}},"29":{"start":{"line":84,"column":4},"end":{"line":84,"column":2927}},"30":{"start":{"line":85,"column":6},"end":{"line":85,"column":12}},"31":{"start":{"line":87,"column":4},"end":{"line":87,"column":39}},"32":{"start":{"line":89,"column":4},"end":{"line":89,"column":34}},"33":{"start":{"line":90,"column":4},"end":{"line":90,"column":38}},"34":{"start":{"line":91,"column":4},"end":{"line":91,"column":24}},"35":{"start":{"line":92,"column":4},"end":{"line":92,"column":36}},"36":{"start":{"line":93,"column":4},"end":{"line":93,"column":26}},"37":{"start":{"line":94,"column":4},"end":{"line":94,"column":24}},"38":{"start":{"line":98,"column":4},"end":{"line":98,"column":74}},"39":{"start":{"line":100,"column":4},"end":{"line":100,"column":39}},"40":{"start":{"line":103,"column":4},"end":{"line":103,"column":152}},"41":{"start":{"line":107,"column":4},"end":{"line":107,"column":66}},"42":{"start":{"line":109,"column":4},"end":{"line":109,"column":34}},"43":{"start":{"line":110,"column":4},"end":{"line":110,"column":36}},"44":{"start":{"line":111,"column":4},"end":{"line":111,"column":24}}},"branchMap":{"1":{"line":40,"type":"if","locations":[{"start":{"line":40,"column":4},"end":{"line":40,"column":4}},{"start":{"line":40,"column":4},"end":{"line":40,"column":4}}]},"2":{"line":43,"type":"if","locations":[{"start":{"line":43,"column":4},"end":{"line":43,"column":4}},{"start":{"line":43,"column":4},"end":{"line":43,"column":4}}]},"3":{"line":84,"type":"if","locations":[{"start":{"line":84,"column":4},"end":{"line":84,"column":4}},{"start":{"line":84,"column":4},"end":{"line":84,"column":4}}]},"4":{"line":98,"type":"if","locations":[{"start":{"line":98,"column":4},"end":{"line":98,"column":4}},{"start":{"line":98,"column":4},"end":{"line":98,"column":4}}]},"5":{"line":103,"type":"if","locations":[{"start":{"line":103,"column":4},"end":{"line":103,"column":4}},{"start":{"line":103,"column":4},"end":{"line":103,"column":4}}]},"6":{"line":107,"type":"if","locations":[{"start":{"line":107,"column":4},"end":{"line":107,"column":4}},{"start":{"line":107,"column":4},"end":{"line":107,"column":4}}]}}},"contracts/DeconetToken.sol":{"l":{"26":1,"29":1,"30":1,"33":1,"40":1,"48":45,"49":41,"56":17,"63":18,"70":4,"77":1,"84":1},"path":"/Users/chris/Documents/WorkStuff/Deconet/Blockchain/DeconetToken/contracts/DeconetToken.sol","s":{"1":1,"2":1,"3":1,"4":1,"5":1,"6":45,"7":17,"8":18,"9":4,"10":1,"11":1},"b":{"1":[41,4]},"f":{"1":1,"2":1,"3":45,"4":17,"5":18,"6":4,"7":1,"8":1},"fnMap":{"1":{"name":"DeconetToken","line":24,"loc":{"start":{"line":24,"column":2},"end":{"line":24,"column":32}}},"2":{"name":"transferAnyERC20Token","line":39,"loc":{"start":{"line":39,"column":2},"end":{"line":39,"column":107}}},"3":{"name":"whenOwnerOrNotPaused","line":47,"loc":{"start":{"line":47,"column":2},"end":{"line":47,"column":33}}},"4":{"name":"transfer","line":55,"loc":{"start":{"line":55,"column":2},"end":{"line":55,"column":91}}},"5":{"name":"transferFrom","line":62,"loc":{"start":{"line":62,"column":2},"end":{"line":62,"column":110}}},"6":{"name":"approve","line":69,"loc":{"start":{"line":69,"column":2},"end":{"line":69,"column":95}}},"7":{"name":"increaseApproval","line":76,"loc":{"start":{"line":76,"column":2},"end":{"line":76,"column":114}}},"8":{"name":"decreaseApproval","line":83,"loc":{"start":{"line":83,"column":2},"end":{"line":83,"column":119}}}},"statementMap":{"1":{"start":{"line":26,"column":4},"end":{"line":26,"column":49}},"2":{"start":{"line":29,"column":4},"end":{"line":29,"column":38}},"3":{"start":{"line":30,"column":4},"end":{"line":30,"column":49}},"4":{"start":{"line":33,"column":4},"end":{"line":33,"column":16}},"5":{"start":{"line":40,"column":4},"end":{"line":40,"column":54}},"6":{"start":{"line":48,"column":4},"end":{"line":48,"column":42}},"7":{"start":{"line":56,"column":4},"end":{"line":56,"column":38}},"8":{"start":{"line":63,"column":4},"end":{"line":63,"column":49}},"9":{"start":{"line":70,"column":4},"end":{"line":70,"column":42}},"10":{"start":{"line":77,"column":4},"end":{"line":77,"column":56}},"11":{"start":{"line":84,"column":4},"end":{"line":84,"column":61}}},"branchMap":{"1":{"line":48,"type":"if","locations":[{"start":{"line":48,"column":4},"end":{"line":48,"column":4}},{"start":{"line":48,"column":4},"end":{"line":48,"column":4}}]}}},"contracts/LicenseSales.sol":{"l":{"50":1,"54":1,"57":1,"60":1,"67":1,"74":2,"75":1,"82":2,"83":1,"90":4,"91":3,"98":2,"99":1,"106":1,"113":2,"120":4,"123":3,"124":3,"127":3,"129":3,"130":3,"131":3,"132":3,"133":3,"135":3,"138":3,"141":2,"145":1,"146":1,"149":1,"162":1,"165":1,"169":1,"170":1,"173":1,"174":1,"175":1,"176":1},"path":"/Users/chris/Documents/WorkStuff/Deconet/Blockchain/DeconetToken/contracts/LicenseSales.sol","s":{"1":1,"2":1,"3":1,"4":1,"5":1,"6":2,"7":2,"8":1,"9":4,"10":3,"11":2,"12":1,"13":1,"14":2,"15":4,"16":3,"17":3,"18":3,"19":3,"20":3,"21":2,"22":1,"23":1,"24":1,"25":1,"26":1,"27":1,"28":1,"29":1,"30":1},"b":{"1":[1,1],"2":[1,1],"3":[3,1],"4":[1,1],"5":[3,1],"6":[2,1],"7":[1,1],"8":[1,0]},"f":{"1":1,"2":1,"3":2,"4":2,"5":4,"6":2,"7":1,"8":2,"9":4,"10":1},"fnMap":{"1":{"name":"LicenseSales","line":49,"loc":{"start":{"line":49,"column":2},"end":{"line":49,"column":32}}},"2":{"name":"transferAnyERC20Token","line":66,"loc":{"start":{"line":66,"column":2},"end":{"line":66,"column":107}}},"3":{"name":"withdrawEther","line":73,"loc":{"start":{"line":73,"column":2},"end":{"line":73,"column":33}}},"4":{"name":"setWithdrawAddress","line":81,"loc":{"start":{"line":81,"column":2},"end":{"line":81,"column":72}}},"5":{"name":"setRelayContractAddress","line":89,"loc":{"start":{"line":89,"column":2},"end":{"line":89,"column":82}}},"6":{"name":"setTokenContractAddress","line":97,"loc":{"start":{"line":97,"column":2},"end":{"line":97,"column":82}}},"7":{"name":"setTokenReward","line":105,"loc":{"start":{"line":105,"column":2},"end":{"line":105,"column":61}}},"8":{"name":"setSaleFee","line":112,"loc":{"start":{"line":112,"column":2},"end":{"line":112,"column":53}}},"9":{"name":"makeSale","line":119,"loc":{"start":{"line":119,"column":2},"end":{"line":119,"column":49}}},"10":{"name":"rewardTokens","line":168,"loc":{"start":{"line":168,"column":2},"end":{"line":168,"column":49}}}},"statementMap":{"1":{"start":{"line":50,"column":4},"end":{"line":50,"column":14}},"2":{"start":{"line":54,"column":4},"end":{"line":54,"column":29}},"3":{"start":{"line":57,"column":4},"end":{"line":57,"column":15}},"4":{"start":{"line":60,"column":4},"end":{"line":60,"column":31}},"5":{"start":{"line":67,"column":4},"end":{"line":67,"column":54}},"6":{"start":{"line":74,"column":4},"end":{"line":74,"column":41}},"7":{"start":{"line":82,"column":4},"end":{"line":82,"column":42}},"8":{"start":{"line":83,"column":4},"end":{"line":83,"column":37}},"9":{"start":{"line":90,"column":4},"end":{"line":90,"column":47}},"10":{"start":{"line":91,"column":4},"end":{"line":91,"column":47}},"11":{"start":{"line":98,"column":4},"end":{"line":98,"column":47}},"12":{"start":{"line":99,"column":4},"end":{"line":99,"column":47}},"13":{"start":{"line":106,"column":4},"end":{"line":106,"column":29}},"14":{"start":{"line":113,"column":4},"end":{"line":113,"column":21}},"15":{"start":{"line":120,"column":4},"end":{"line":120,"column":25}},"16":{"start":{"line":123,"column":4},"end":{"line":123,"column":44}},"17":{"start":{"line":124,"column":4},"end":{"line":124,"column":60}},"18":{"start":{"line":127,"column":4},"end":{"line":127,"column":48}},"19":{"start":{"line":135,"column":4},"end":{"line":135,"column":99}},"20":{"start":{"line":138,"column":4},"end":{"line":138,"column":30}},"21":{"start":{"line":141,"column":4},"end":{"line":141,"column":102}},"22":{"start":{"line":145,"column":4},"end":{"line":145,"column":54}},"23":{"start":{"line":146,"column":4},"end":{"line":146,"column":35}},"24":{"start":{"line":149,"column":4},"end":{"line":149,"column":5496}},"25":{"start":{"line":162,"column":4},"end":{"line":162,"column":30}},"26":{"start":{"line":169,"column":4},"end":{"line":169,"column":58}},"27":{"start":{"line":170,"column":4},"end":{"line":170,"column":37}},"28":{"start":{"line":173,"column":4},"end":{"line":173,"column":55}},"29":{"start":{"line":174,"column":4},"end":{"line":174,"column":72}},"30":{"start":{"line":175,"column":4},"end":{"line":175,"column":6153}}},"branchMap":{"1":{"line":74,"type":"if","locations":[{"start":{"line":74,"column":4},"end":{"line":74,"column":4}},{"start":{"line":74,"column":4},"end":{"line":74,"column":4}}]},"2":{"line":82,"type":"if","locations":[{"start":{"line":82,"column":4},"end":{"line":82,"column":4}},{"start":{"line":82,"column":4},"end":{"line":82,"column":4}}]},"3":{"line":90,"type":"if","locations":[{"start":{"line":90,"column":4},"end":{"line":90,"column":4}},{"start":{"line":90,"column":4},"end":{"line":90,"column":4}}]},"4":{"line":98,"type":"if","locations":[{"start":{"line":98,"column":4},"end":{"line":98,"column":4}},{"start":{"line":98,"column":4},"end":{"line":98,"column":4}}]},"5":{"line":120,"type":"if","locations":[{"start":{"line":120,"column":4},"end":{"line":120,"column":4}},{"start":{"line":120,"column":4},"end":{"line":120,"column":4}}]},"6":{"line":138,"type":"if","locations":[{"start":{"line":138,"column":4},"end":{"line":138,"column":4}},{"start":{"line":138,"column":4},"end":{"line":138,"column":4}}]},"7":{"line":141,"type":"if","locations":[{"start":{"line":141,"column":4},"end":{"line":141,"column":4}},{"start":{"line":141,"column":4},"end":{"line":141,"column":4}}]},"8":{"line":175,"type":"if","locations":[{"start":{"line":175,"column":4},"end":{"line":175,"column":4}},{"start":{"line":175,"column":4},"end":{"line":175,"column":4}}]}}},"contracts/Registry.sol":{"l":{"26":2,"27":2,"34":1,"39":5,"42":4,"44":3,"45":3,"47":3,"49":3,"50":3,"51":3,"52":3,"53":3,"57":4,"61":8,"64":8,"65":2,"68":6,"69":6,"70":6,"71":6,"72":6,"76":3,"77":3,"78":1,"80":2,"82":2,"83":2,"84":2,"85":2,"86":2,"91":6,"93":5,"96":5,"100":4,"102":3,"103":3,"104":3},"path":"/Users/chris/Documents/WorkStuff/Deconet/Blockchain/DeconetToken/contracts/Registry.sol","s":{"1":2,"2":2,"3":1,"4":5,"5":4,"6":3,"7":3,"8":3,"9":3,"10":3,"11":3,"12":3,"13":3,"14":4,"15":8,"16":8,"17":2,"18":6,"19":6,"20":6,"21":6,"22":6,"23":3,"24":3,"25":1,"26":2,"27":2,"28":2,"29":2,"30":2,"31":2,"32":6,"33":5,"34":5,"35":4,"36":3,"37":3,"38":3},"b":{"1":[4,1],"2":[3,1],"3":[2,6],"4":[1,2],"5":[5,1],"6":[4,1],"7":[3,1]},"f":{"1":2,"2":1,"3":5,"4":4,"5":8,"6":3,"7":6},"fnMap":{"1":{"name":"Registry","line":25,"loc":{"start":{"line":25,"column":2},"end":{"line":25,"column":28}}},"2":{"name":"transferAnyERC20Token","line":33,"loc":{"start":{"line":33,"column":2},"end":{"line":33,"column":107}}},"3":{"name":"listModule","line":37,"loc":{"start":{"line":37,"column":2},"end":{"line":37,"column":133}}},"4":{"name":"getModuleId","line":56,"loc":{"start":{"line":56,"column":2},"end":{"line":56,"column":80}}},"5":{"name":"getModuleById","line":60,"loc":{"start":{"line":60,"column":2},"end":{"line":60,"column":157}}},"6":{"name":"getModuleByName","line":75,"loc":{"start":{"line":75,"column":2},"end":{"line":75,"column":175}}},"7":{"name":"editModule","line":89,"loc":{"start":{"line":89,"column":2},"end":{"line":89,"column":96}}}},"statementMap":{"1":{"start":{"line":26,"column":4},"end":{"line":26,"column":17}},"2":{"start":{"line":27,"column":4},"end":{"line":27,"column":14}},"3":{"start":{"line":34,"column":4},"end":{"line":34,"column":54}},"4":{"start":{"line":39,"column":4},"end":{"line":39,"column":129}},"5":{"start":{"line":42,"column":4},"end":{"line":42,"column":50}},"6":{"start":{"line":44,"column":4},"end":{"line":44,"column":18}},"7":{"start":{"line":45,"column":4},"end":{"line":45,"column":49}},"8":{"start":{"line":47,"column":4},"end":{"line":47,"column":53}},"9":{"start":{"line":49,"column":4},"end":{"line":49,"column":23}},"10":{"start":{"line":50,"column":4},"end":{"line":50,"column":41}},"11":{"start":{"line":51,"column":4},"end":{"line":51,"column":33}},"12":{"start":{"line":52,"column":4},"end":{"line":52,"column":36}},"13":{"start":{"line":53,"column":4},"end":{"line":53,"column":31}},"14":{"start":{"line":57,"column":4},"end":{"line":57,"column":44}},"15":{"start":{"line":61,"column":4},"end":{"line":61,"column":51}},"16":{"start":{"line":64,"column":4},"end":{"line":64,"column":2258}},"17":{"start":{"line":65,"column":6},"end":{"line":65,"column":12}},"18":{"start":{"line":68,"column":4},"end":{"line":68,"column":23}},"19":{"start":{"line":69,"column":4},"end":{"line":69,"column":41}},"20":{"start":{"line":70,"column":4},"end":{"line":70,"column":33}},"21":{"start":{"line":71,"column":4},"end":{"line":71,"column":39}},"22":{"start":{"line":72,"column":4},"end":{"line":72,"column":31}},"23":{"start":{"line":76,"column":4},"end":{"line":76,"column":52}},"24":{"start":{"line":77,"column":4},"end":{"line":77,"column":2745}},"25":{"start":{"line":78,"column":6},"end":{"line":78,"column":12}},"26":{"start":{"line":80,"column":4},"end":{"line":80,"column":51}},"27":{"start":{"line":82,"column":4},"end":{"line":82,"column":23}},"28":{"start":{"line":83,"column":4},"end":{"line":83,"column":41}},"29":{"start":{"line":84,"column":4},"end":{"line":84,"column":33}},"30":{"start":{"line":85,"column":4},"end":{"line":85,"column":39}},"31":{"start":{"line":86,"column":4},"end":{"line":86,"column":31}},"32":{"start":{"line":91,"column":4},"end":{"line":91,"column":88}},"33":{"start":{"line":93,"column":4},"end":{"line":93,"column":51}},"34":{"start":{"line":96,"column":4},"end":{"line":96,"column":150}},"35":{"start":{"line":100,"column":4},"end":{"line":100,"column":69}},"36":{"start":{"line":102,"column":4},"end":{"line":102,"column":23}},"37":{"start":{"line":103,"column":4},"end":{"line":103,"column":39}},"38":{"start":{"line":104,"column":4},"end":{"line":104,"column":31}}},"branchMap":{"1":{"line":39,"type":"if","locations":[{"start":{"line":39,"column":4},"end":{"line":39,"column":4}},{"start":{"line":39,"column":4},"end":{"line":39,"column":4}}]},"2":{"line":42,"type":"if","locations":[{"start":{"line":42,"column":4},"end":{"line":42,"column":4}},{"start":{"line":42,"column":4},"end":{"line":42,"column":4}}]},"3":{"line":64,"type":"if","locations":[{"start":{"line":64,"column":4},"end":{"line":64,"column":4}},{"start":{"line":64,"column":4},"end":{"line":64,"column":4}}]},"4":{"line":77,"type":"if","locations":[{"start":{"line":77,"column":4},"end":{"line":77,"column":4}},{"start":{"line":77,"column":4},"end":{"line":77,"column":4}}]},"5":{"line":91,"type":"if","locations":[{"start":{"line":91,"column":4},"end":{"line":91,"column":4}},{"start":{"line":91,"column":4},"end":{"line":91,"column":4}}]},"6":{"line":96,"type":"if","locations":[{"start":{"line":96,"column":4},"end":{"line":96,"column":4}},{"start":{"line":96,"column":4},"end":{"line":96,"column":4}}]},"7":{"line":100,"type":"if","locations":[{"start":{"line":100,"column":4},"end":{"line":100,"column":4}},{"start":{"line":100,"column":4},"end":{"line":100,"column":4}}]}}},"contracts/Relay.sol":{"l":{"17":1,"24":1,"28":4,"29":3,"33":4,"34":3,"38":2,"39":1,"43":2,"44":1},"path":"/Users/chris/Documents/WorkStuff/Deconet/Blockchain/DeconetToken/contracts/Relay.sol","s":{"1":1,"2":1,"3":4,"4":3,"5":4,"6":3,"7":2,"8":1,"9":2,"10":1},"b":{"1":[3,1],"2":[3,1],"3":[1,1],"4":[1,1]},"f":{"1":1,"2":1,"3":4,"4":4,"5":2,"6":2},"fnMap":{"1":{"name":"Relay","line":16,"loc":{"start":{"line":16,"column":2},"end":{"line":16,"column":25}}},"2":{"name":"transferAnyERC20Token","line":23,"loc":{"start":{"line":23,"column":2},"end":{"line":23,"column":107}}},"3":{"name":"setLicenseSalesContractAddress","line":27,"loc":{"start":{"line":27,"column":2},"end":{"line":27,"column":78}}},"4":{"name":"setRegistryContractAddress","line":32,"loc":{"start":{"line":32,"column":2},"end":{"line":32,"column":74}}},"5":{"name":"setApiRegistryContractAddress","line":37,"loc":{"start":{"line":37,"column":2},"end":{"line":37,"column":77}}},"6":{"name":"setApiCallsContractAddress","line":42,"loc":{"start":{"line":42,"column":2},"end":{"line":42,"column":74}}}},"statementMap":{"1":{"start":{"line":17,"column":4},"end":{"line":17,"column":14}},"2":{"start":{"line":24,"column":4},"end":{"line":24,"column":54}},"3":{"start":{"line":28,"column":4},"end":{"line":28,"column":36}},"4":{"start":{"line":29,"column":4},"end":{"line":29,"column":43}},"5":{"start":{"line":33,"column":4},"end":{"line":33,"column":36}},"6":{"start":{"line":34,"column":4},"end":{"line":34,"column":39}},"7":{"start":{"line":38,"column":4},"end":{"line":38,"column":36}},"8":{"start":{"line":39,"column":4},"end":{"line":39,"column":42}},"9":{"start":{"line":43,"column":4},"end":{"line":43,"column":36}},"10":{"start":{"line":44,"column":4},"end":{"line":44,"column":39}}},"branchMap":{"1":{"line":28,"type":"if","locations":[{"start":{"line":28,"column":4},"end":{"line":28,"column":4}},{"start":{"line":28,"column":4},"end":{"line":28,"column":4}}]},"2":{"line":33,"type":"if","locations":[{"start":{"line":33,"column":4},"end":{"line":33,"column":4}},{"start":{"line":33,"column":4},"end":{"line":33,"column":4}}]},"3":{"line":38,"type":"if","locations":[{"start":{"line":38,"column":4},"end":{"line":38,"column":4}},{"start":{"line":38,"column":4},"end":{"line":38,"column":4}}]},"4":{"line":43,"type":"if","locations":[{"start":{"line":43,"column":4},"end":{"line":43,"column":4}},{"start":{"line":43,"column":4},"end":{"line":43,"column":4}}]}}}}