TN:
SF:/Users/chris/Documents/WorkStuff/Deconet/Blockchain/DeconetToken/contracts/APICalls.sol
FN:113,APICalls
FN:134,transferAnyERC20Token
FN:141,withdrawEther
FN:152,setWithdrawAddress
FN:160,setUsageReportingAddress
FN:168,setRelayContractAddress
FN:176,setTokenContractAddress
FN:184,setTokenReward
FN:191,setSaleFee
FN:198,setDefaultBuyerLastPaidAt
FN:205,reportUsage
FN:251,paySellerForBuyer
FN:298,paySeller
FN:351,buyerLastPaidAt
FN:356,buyerInfoOf
FN:365,creditsBalanceOf
FN:370,addCredits
FN:376,withdrawCredits
FN:384,nonzeroAddressesElementForApi
FN:389,nonzeroAddressesLengthForApi
FN:394,amountOwedForApiForBuyer
FN:400,totalOwedForApi
FN:413,approvedAmount
FN:417,approveAmount
FN:432,approveAmountAndSetFirstUseTime
FN:448,buyerExceededApprovedAmount
FN:452,rewardTokens
FN:464,processSalesForSingleBuyer
FN:501,processSalesForAllBuyers
FN:545,chargeBuyer
FN:596,removeAddressFromNonzeroBalancesArray
FNF:31
FNH:31
FNDA:1,APICalls
FNDA:1,transferAnyERC20Token
FNDA:1,withdrawEther
FNDA:1,setWithdrawAddress
FNDA:8,setUsageReportingAddress
FNDA:3,setRelayContractAddress
FNDA:1,setTokenContractAddress
FNDA:8,setTokenReward
FNDA:2,setSaleFee
FNDA:2,setDefaultBuyerLastPaidAt
FNDA:37,reportUsage
FNDA:26,paySellerForBuyer
FNDA:5,paySeller
FNDA:8,buyerLastPaidAt
FNDA:71,buyerInfoOf
FNDA:96,creditsBalanceOf
FNDA:14,addCredits
FNDA:5,withdrawCredits
FNDA:1,nonzeroAddressesElementForApi
FNDA:1,nonzeroAddressesLengthForApi
FNDA:100,amountOwedForApiForBuyer
FNDA:21,totalOwedForApi
FNDA:5,approvedAmount
FNDA:12,approveAmount
FNDA:6,approveAmountAndSetFirstUseTime
FNDA:34,buyerExceededApprovedAmount
FNDA:16,rewardTokens
FNDA:26,processSalesForSingleBuyer
FNDA:5,processSalesForAllBuyers
FNDA:36,chargeBuyer
FNDA:21,removeAddressFromNonzeroBalancesArray
DA:114,1
DA:118,1
DA:121,1
DA:124,1
DA:127,1
DA:128,1
DA:135,1
DA:142,1
DA:143,1
DA:144,1
DA:145,1
DA:146,1
DA:153,1
DA:154,1
DA:161,8
DA:162,8
DA:169,3
DA:170,3
DA:177,1
DA:178,1
DA:185,8
DA:192,2
DA:199,2
DA:207,37
DA:208,37
DA:211,37
DA:213,37
DA:214,37
DA:215,37
DA:216,37
DA:218,37
DA:221,37
DA:222,37
DA:225,37
DA:227,37
DA:229,37
DA:231,37
DA:233,37
DA:235,22
DA:238,37
DA:240,37
DA:253,26
DA:254,26
DA:257,26
DA:259,26
DA:260,26
DA:261,26
DA:262,26
DA:264,26
DA:267,26
DA:269,26
DA:271,26
DA:272,14
DA:277,12
DA:278,12
DA:281,12
DA:283,12
DA:292,12
DA:295,12
DA:300,5
DA:301,5
DA:304,5
DA:306,5
DA:307,5
DA:308,5
DA:309,5
DA:311,5
DA:314,5
DA:317,5
DA:318,5
DA:319,5
DA:321,5
DA:322,1
DA:327,4
DA:328,4
DA:331,4
DA:334,4
DA:336,4
DA:345,4
DA:348,4
DA:352,8
DA:353,8
DA:357,71
DA:358,71
DA:359,71
DA:360,71
DA:361,71
DA:362,71
DA:366,96
DA:367,96
DA:371,14
DA:372,14
DA:373,14
DA:377,5
DA:378,5
DA:379,5
DA:380,5
DA:381,5
DA:385,1
DA:386,1
DA:390,1
DA:391,1
DA:395,100
DA:397,100
DA:401,21
DA:403,21
DA:404,21
DA:405,18
DA:406,18
DA:407,18
DA:410,21
DA:414,5
DA:418,12
DA:421,12
DA:423,12
DA:424,12
DA:433,6
DA:436,6
DA:438,6
DA:439,6
DA:441,6
DA:443,6
DA:444,6
DA:449,34
DA:453,16
DA:454,16
DA:457,16
DA:458,16
DA:459,16
DA:460,16
DA:465,26
DA:467,26
DA:468,26
DA:469,26
DA:471,1
DA:473,26
DA:474,26
DA:475,26
DA:476,26
DA:478,26
DA:480,26
DA:481,26
DA:484,26
DA:485,21
DA:488,26
DA:489,14
DA:493,12
DA:496,12
DA:498,12
DA:502,5
DA:504,5
DA:505,5
DA:506,5
DA:508,5
DA:509,10
DA:510,10
DA:511,10
DA:512,10
DA:514,9
DA:516,10
DA:517,10
DA:518,10
DA:519,10
DA:521,10
DA:523,10
DA:524,10
DA:525,10
DA:528,10
DA:529,9
DA:532,10
DA:534,5
DA:537,5
DA:540,5
DA:546,36
DA:547,36
DA:548,36
DA:551,36
DA:553,11
DA:554,11
DA:557,11
DA:560,6
DA:563,6
DA:568,5
DA:569,5
DA:572,5
DA:576,25
DA:577,25
DA:578,25
DA:581,25
DA:583,4
DA:588,21
DA:592,36
DA:593,36
DA:597,21
DA:599,21
DA:601,21
DA:602,42
DA:603,10
DA:605,42
DA:606,30
DA:609,21
DA:610,9
LF:202
LH:202
BRDA:142,1,0,1
BRDA:142,1,1,0
BRDA:143,2,0,1
BRDA:143,2,1,0
BRDA:144,3,0,1
BRDA:144,3,1,0
BRDA:153,4,0,1
BRDA:153,4,1,0
BRDA:161,5,0,8
BRDA:161,5,1,0
BRDA:169,6,0,3
BRDA:169,6,1,0
BRDA:177,7,0,1
BRDA:177,7,1,0
BRDA:221,8,0,37
BRDA:221,8,1,0
BRDA:222,9,0,37
BRDA:222,9,1,0
BRDA:225,10,0,37
BRDA:225,10,1,0
BRDA:229,11,0,37
BRDA:229,11,1,0
BRDA:233,12,0,22
BRDA:233,12,1,15
BRDA:267,13,0,26
BRDA:267,13,1,0
BRDA:271,14,0,14
BRDA:271,14,1,12
BRDA:314,15,0,5
BRDA:314,15,1,0
BRDA:321,16,0,1
BRDA:321,16,1,4
BRDA:378,17,0,5
BRDA:378,17,1,0
BRDA:418,18,0,12
BRDA:418,18,1,0
BRDA:421,19,0,12
BRDA:421,19,1,0
BRDA:433,20,0,6
BRDA:433,20,1,0
BRDA:436,21,0,6
BRDA:436,21,1,0
BRDA:439,22,0,6
BRDA:439,22,1,0
BRDA:459,23,0,16
BRDA:459,23,1,0
BRDA:469,24,0,1
BRDA:469,24,1,25
BRDA:484,25,0,21
BRDA:484,25,1,5
BRDA:488,26,0,14
BRDA:488,26,1,12
BRDA:512,27,0,9
BRDA:512,27,1,1
BRDA:528,28,0,9
BRDA:528,28,1,1
BRDA:532,29,0,5
BRDA:532,29,1,5
BRDA:551,30,0,11
BRDA:551,30,1,25
BRDA:557,31,0,6
BRDA:557,31,1,5
BRDA:581,32,0,4
BRDA:581,32,1,21
BRDA:602,33,0,10
BRDA:602,33,1,32
BRDA:605,34,0,30
BRDA:605,34,1,12
BRDA:609,35,0,9
BRDA:609,35,1,12
BRF:70
BRH:50
end_of_record
TN:
SF:/Users/chris/Documents/WorkStuff/Deconet/Blockchain/DeconetToken/contracts/APIRegistry.sol
FN:26,APIRegistry
FN:34,transferAnyERC20Token
FN:38,listApi
FN:58,getApiId
FN:62,getApiByIdWithoutDynamics
FN:71,getApiById
FN:82,getApiByName
FN:97,editApi
FNF:8
FNH:8
FNDA:2,APIRegistry
FNDA:1,transferAnyERC20Token
FNDA:13,listApi
FNDA:12,getApiId
FNDA:70,getApiByIdWithoutDynamics
FNDA:4,getApiById
FNDA:3,getApiByName
FNDA:5,editApi
DA:27,2
DA:28,2
DA:35,1
DA:40,13
DA:43,12
DA:45,11
DA:46,11
DA:48,11
DA:50,11
DA:51,11
DA:52,11
DA:53,11
DA:54,11
DA:55,11
DA:59,12
DA:63,70
DA:65,70
DA:66,70
DA:67,70
DA:68,70
DA:72,4
DA:74,4
DA:75,4
DA:76,4
DA:77,4
DA:78,4
DA:79,4
DA:83,3
DA:84,3
DA:85,1
DA:87,2
DA:89,2
DA:90,2
DA:91,2
DA:92,2
DA:93,2
DA:94,2
DA:98,5
DA:100,5
DA:103,5
DA:107,5
DA:109,4
DA:110,4
DA:111,4
LF:44
LH:44
BRDA:40,1,0,12
BRDA:40,1,1,1
BRDA:43,2,0,11
BRDA:43,2,1,1
BRDA:84,3,0,1
BRDA:84,3,1,2
BRDA:98,4,0,5
BRDA:98,4,1,0
BRDA:103,5,0,5
BRDA:103,5,1,0
BRDA:107,6,0,4
BRDA:107,6,1,1
BRF:12
BRH:10
end_of_record
TN:
SF:/Users/chris/Documents/WorkStuff/Deconet/Blockchain/DeconetToken/contracts/DeconetToken.sol
FN:24,DeconetToken
FN:39,transferAnyERC20Token
FN:47,whenOwnerOrNotPaused
FN:55,transfer
FN:62,transferFrom
FN:69,approve
FN:76,increaseApproval
FN:83,decreaseApproval
FNF:8
FNH:8
FNDA:1,DeconetToken
FNDA:1,transferAnyERC20Token
FNDA:45,whenOwnerOrNotPaused
FNDA:17,transfer
FNDA:18,transferFrom
FNDA:4,approve
FNDA:1,increaseApproval
FNDA:1,decreaseApproval
DA:26,1
DA:29,1
DA:30,1
DA:33,1
DA:40,1
DA:48,45
DA:49,41
DA:56,17
DA:63,18
DA:70,4
DA:77,1
DA:84,1
LF:12
LH:12
BRDA:48,1,0,41
BRDA:48,1,1,4
BRF:2
BRH:2
end_of_record
TN:
SF:/Users/chris/Documents/WorkStuff/Deconet/Blockchain/DeconetToken/contracts/LicenseSales.sol
FN:49,LicenseSales
FN:66,transferAnyERC20Token
FN:73,withdrawEther
FN:81,setWithdrawAddress
FN:89,setRelayContractAddress
FN:97,setTokenContractAddress
FN:105,setTokenReward
FN:112,setSaleFee
FN:119,makeSale
FN:168,rewardTokens
FNF:10
FNH:10
FNDA:1,LicenseSales
FNDA:1,transferAnyERC20Token
FNDA:2,withdrawEther
FNDA:2,setWithdrawAddress
FNDA:4,setRelayContractAddress
FNDA:2,setTokenContractAddress
FNDA:1,setTokenReward
FNDA:2,setSaleFee
FNDA:4,makeSale
FNDA:1,rewardTokens
DA:50,1
DA:54,1
DA:57,1
DA:60,1
DA:67,1
DA:74,2
DA:75,1
DA:82,2
DA:83,1
DA:90,4
DA:91,3
DA:98,2
DA:99,1
DA:106,1
DA:113,2
DA:120,4
DA:123,3
DA:124,3
DA:127,3
DA:129,3
DA:130,3
DA:131,3
DA:132,3
DA:133,3
DA:135,3
DA:138,3
DA:141,2
DA:145,1
DA:146,1
DA:149,1
DA:162,1
DA:165,1
DA:169,1
DA:170,1
DA:173,1
DA:174,1
DA:175,1
DA:176,1
LF:38
LH:38
BRDA:74,1,0,1
BRDA:74,1,1,1
BRDA:82,2,0,1
BRDA:82,2,1,1
BRDA:90,3,0,3
BRDA:90,3,1,1
BRDA:98,4,0,1
BRDA:98,4,1,1
BRDA:120,5,0,3
BRDA:120,5,1,1
BRDA:138,6,0,2
BRDA:138,6,1,1
BRDA:141,7,0,1
BRDA:141,7,1,1
BRDA:175,8,0,1
BRDA:175,8,1,0
BRF:16
BRH:15
end_of_record
TN:
SF:/Users/chris/Documents/WorkStuff/Deconet/Blockchain/DeconetToken/contracts/Registry.sol
FN:25,Registry
FN:33,transferAnyERC20Token
FN:37,listModule
FN:56,getModuleId
FN:60,getModuleById
FN:75,getModuleByName
FN:89,editModule
FNF:7
FNH:7
FNDA:2,Registry
FNDA:1,transferAnyERC20Token
FNDA:5,listModule
FNDA:4,getModuleId
FNDA:8,getModuleById
FNDA:3,getModuleByName
FNDA:6,editModule
DA:26,2
DA:27,2
DA:34,1
DA:39,5
DA:42,4
DA:44,3
DA:45,3
DA:47,3
DA:49,3
DA:50,3
DA:51,3
DA:52,3
DA:53,3
DA:57,4
DA:61,8
DA:64,8
DA:65,2
DA:68,6
DA:69,6
DA:70,6
DA:71,6
DA:72,6
DA:76,3
DA:77,3
DA:78,1
DA:80,2
DA:82,2
DA:83,2
DA:84,2
DA:85,2
DA:86,2
DA:91,6
DA:93,5
DA:96,5
DA:100,4
DA:102,3
DA:103,3
DA:104,3
LF:38
LH:38
BRDA:39,1,0,4
BRDA:39,1,1,1
BRDA:42,2,0,3
BRDA:42,2,1,1
BRDA:64,3,0,2
BRDA:64,3,1,6
BRDA:77,4,0,1
BRDA:77,4,1,2
BRDA:91,5,0,5
BRDA:91,5,1,1
BRDA:96,6,0,4
BRDA:96,6,1,1
BRDA:100,7,0,3
BRDA:100,7,1,1
BRF:14
BRH:14
end_of_record
TN:
SF:/Users/chris/Documents/WorkStuff/Deconet/Blockchain/DeconetToken/contracts/Relay.sol
FN:16,Relay
FN:23,transferAnyERC20Token
FN:27,setLicenseSalesContractAddress
FN:32,setRegistryContractAddress
FN:37,setApiRegistryContractAddress
FN:42,setApiCallsContractAddress
FNF:6
FNH:6
FNDA:1,Relay
FNDA:1,transferAnyERC20Token
FNDA:4,setLicenseSalesContractAddress
FNDA:4,setRegistryContractAddress
FNDA:2,setApiRegistryContractAddress
FNDA:2,setApiCallsContractAddress
DA:17,1
DA:24,1
DA:28,4
DA:29,3
DA:33,4
DA:34,3
DA:38,2
DA:39,1
DA:43,2
DA:44,1
LF:10
LH:10
BRDA:28,1,0,3
BRDA:28,1,1,1
BRDA:33,2,0,3
BRDA:33,2,1,1
BRDA:38,3,0,1
BRDA:38,3,1,1
BRDA:43,4,0,1
BRDA:43,4,1,1
BRF:8
BRH:8
end_of_record
